<?xml version='1.0' encoding='UTF-8'?>
<testsuite hostname="Mac" name="gov.irs.twe.factDictionary.StandardDeductionSpec" tests="288" errors="0" failures="0" skipped="0" time="0.487" timestamp="2026-02-25T14:38:02">
          <properties>
[...]
</properties>
          <testcase classname="gov.irs.twe.factDictionary.StandardDeductionSpec" name="Standard Deduction amounts single, claimed: true, blind: true, senior: true, income: 0.00" time="0.002">
                      
                    </testcase><testcase classname="gov.irs.twe.factDictionary.StandardDeductionSpec" name="Standard Deduction amounts single, claimed: true, blind: true, senior: true, income: 900.00" time="0.001">
                      
                    </testcase><testcase classname="gov.irs.twe.factDictionary.StandardDeductionSpec" name="Standard Deduction amounts single, claimed: true, blind: true, senior: true, income: 901.00" time="0.001">
                      
                    </testcase><testcase classname="gov.irs.twe.factDictionary.StandardDeductionSpec" name="Standard Deduction amounts single, claimed: true, blind: true, senior: false, income: 0.00" time="0.001">
                      
                    </testcase><testcase classname="gov.irs.twe.factDictionary.StandardDeductionSpec" name="Standard Deduction amounts single, claimed: true, blind: true, senior: false, income: 900.00" time="0.002">
                      
                    </testcase><testcase classname="gov.irs.twe.factDictionary.StandardDeductionSpec" name="Standard Deduction amounts single, claimed: true, blind: true, senior: false, income: 901.00" time="0.002">
                      
                    </testcase><testcase classname="gov.irs.twe.factDictionary.StandardDeductionSpec" name="Standard Deduction amounts single, claimed: true, blind: false, senior: true, income: 0.00" time="0.001">
                      
                    </testcase><testcase classname="gov.irs.twe.factDictionary.StandardDeductionSpec" name="Standard Deduction amounts single, claimed: true, blind: false, senior: true, income: 900.00" time="0.001">
                      
                    </testcase><testcase classname="gov.irs.twe.factDictionary.StandardDeductionSpec" name="Standard Deduction amounts single, claimed: true, blind: false, senior: true, income: 901.00" time="0.001">
                      
                    </testcase><testcase classname="gov.irs.twe.factDictionary.StandardDeductionSpec" name="Standard Deduction amounts single, claimed: true, blind: false, senior: false, income: 0.00" time="0.001">
                      
                    </testcase><testcase classname="gov.irs.twe.factDictionary.StandardDeductionSpec" name="Standard Deduction amounts single, claimed: true, blind: false, senior: false, income: 900.00" time="0.001">
                      
                    </testcase><testcase classname="gov.irs.twe.factDictionary.StandardDeductionSpec" name="Standard Deduction amounts single, claimed: true, blind: false, senior: false, income: 901.00" time="0.002">
                      
                    </testcase><testcase classname="gov.irs.twe.factDictionary.StandardDeductionSpec" name="Standard Deduction amounts single, claimed: false, blind: true, senior: true, income: 0.00" time="0.003">
                      
                    </testcase><testcase classname="gov.irs.twe.factDictionary.StandardDeductionSpec" name="Standard Deduction amounts single, claimed: false, blind: true, senior: true, income: 900.00" time="0.003">
                      
                    </testcase><testcase classname="gov.irs.twe.factDictionary.StandardDeductionSpec" name="Standard Deduction amounts single, claimed: false, blind: true, senior: true, income: 901.00" time="0.001">
                      
                    </testcase><testcase classname="gov.irs.twe.factDictionary.StandardDeductionSpec" name="Standard Deduction amounts single, claimed: false, blind: true, senior: false, income: 0.00" time="0.001">
                      
                    </testcase><testcase classname="gov.irs.twe.factDictionary.StandardDeductionSpec" name="Standard Deduction amounts single, claimed: false, blind: true, senior: false, income: 900.00" time="0.001">
                      
                    </testcase><testcase classname="gov.irs.twe.factDictionary.StandardDeductionSpec" name="Standard Deduction amounts single, claimed: false, blind: true, senior: false, income: 901.00" time="0.001">
                      
                    </testcase><testcase classname="gov.irs.twe.factDictionary.StandardDeductionSpec" name="Standard Deduction amounts single, claimed: false, blind: false, senior: true, income: 0.00" time="0.002">
                      
                    </testcase><testcase classname="gov.irs.twe.factDictionary.StandardDeductionSpec" name="Standard Deduction amounts single, claimed: false, blind: false, senior: true, income: 900.00" time="0.001">
                      
                    </testcase><testcase classname="gov.irs.twe.factDictionary.StandardDeductionSpec" name="Standard Deduction amounts single, claimed: false, blind: false, senior: true, income: 901.00" time="0.001">
                      
                    </testcase><testcase classname="gov.irs.twe.factDictionary.StandardDeductionSpec" name="Standard Deduction amounts single, claimed: false, blind: false, senior: false, income: 0.00" time="0.001">
                      
                    </testcase><testcase classname="gov.irs.twe.factDictionary.StandardDeductionSpec" name="Standard Deduction amounts single, claimed: false, blind: false, senior: false, income: 900.00" time="0.0">
                      
                    </testcase><testcase classname="gov.irs.twe.factDictionary.StandardDeductionSpec" name="Standard Deduction amounts single, claimed: false, blind: false, senior: false, income: 901.00" time="0.0">
                      
                    </testcase><testcase classname="gov.irs.twe.factDictionary.StandardDeductionSpec" name="Standard Deduction amounts marriedFilingSeparately, claimed: true, blind: true, senior: true, income: 0.00" time="0.003">
                      
                    </testcase><testcase classname="gov.irs.twe.factDictionary.StandardDeductionSpec" name="Standard Deduction amounts marriedFilingSeparately, claimed: true, blind: true, senior: true, income: 900.00" time="0.004">
                      
                    </testcase><testcase classname="gov.irs.twe.factDictionary.StandardDeductionSpec" name="Standard Deduction amounts marriedFilingSeparately, claimed: true, blind: true, senior: true, income: 901.00" time="0.006">
                      
                    </testcase><testcase classname="gov.irs.twe.factDictionary.StandardDeductionSpec" name="Standard Deduction amounts marriedFilingSeparately, claimed: true, blind: true, senior: false, income: 0.00" time="0.003">
                      
                    </testcase><testcase classname="gov.irs.twe.factDictionary.StandardDeductionSpec" name="Standard Deduction amounts marriedFilingSeparately, claimed: true, blind: true, senior: false, income: 900.00" time="0.001">
                      
                    </testcase><testcase classname="gov.irs.twe.factDictionary.StandardDeductionSpec" name="Standard Deduction amounts marriedFilingSeparately, claimed: true, blind: true, senior: false, income: 901.00" time="0.001">
                      
                    </testcase><testcase classname="gov.irs.twe.factDictionary.StandardDeductionSpec" name="Standard Deduction amounts marriedFilingSeparately, claimed: true, blind: false, senior: true, income: 0.00" time="0.001">
                      
                    </testcase><testcase classname="gov.irs.twe.factDictionary.StandardDeductionSpec" name="Standard Deduction amounts marriedFilingSeparately, claimed: true, blind: false, senior: true, income: 900.00" time="0.001">
                      
                    </testcase><testcase classname="gov.irs.twe.factDictionary.StandardDeductionSpec" name="Standard Deduction amounts marriedFilingSeparately, claimed: true, blind: false, senior: true, income: 901.00" time="0.001">
                      
                    </testcase><testcase classname="gov.irs.twe.factDictionary.StandardDeductionSpec" name="Standard Deduction amounts marriedFilingSeparately, claimed: true, blind: false, senior: false, income: 0.00" time="0.001">
                      
                    </testcase><testcase classname="gov.irs.twe.factDictionary.StandardDeductionSpec" name="Standard Deduction amounts marriedFilingSeparately, claimed: true, blind: false, senior: false, income: 900.00" time="0.001">
                      
                    </testcase><testcase classname="gov.irs.twe.factDictionary.StandardDeductionSpec" name="Standard Deduction amounts marriedFilingSeparately, claimed: true, blind: false, senior: false, income: 901.00" time="0.002">
                      
                    </testcase><testcase classname="gov.irs.twe.factDictionary.StandardDeductionSpec" name="Standard Deduction amounts marriedFilingSeparately, claimed: false, blind: true, senior: true, income: 0.00" time="0.001">
                      
                    </testcase><testcase classname="gov.irs.twe.factDictionary.StandardDeductionSpec" name="Standard Deduction amounts marriedFilingSeparately, claimed: false, blind: true, senior: true, income: 900.00" time="0.001">
                      
                    </testcase><testcase classname="gov.irs.twe.factDictionary.StandardDeductionSpec" name="Standard Deduction amounts marriedFilingSeparately, claimed: false, blind: true, senior: true, income: 901.00" time="0.002">
                      
                    </testcase><testcase classname="gov.irs.twe.factDictionary.StandardDeductionSpec" name="Standard Deduction amounts marriedFilingSeparately, claimed: false, blind: true, senior: false, income: 0.00" time="0.003">
                      
                    </testcase><testcase classname="gov.irs.twe.factDictionary.StandardDeductionSpec" name="Standard Deduction amounts marriedFilingSeparately, claimed: false, blind: true, senior: false, income: 900.00" time="0.003">
                      
                    </testcase><testcase classname="gov.irs.twe.factDictionary.StandardDeductionSpec" name="Standard Deduction amounts marriedFilingSeparately, claimed: false, blind: true, senior: false, income: 901.00" time="0.003">
                      
                    </testcase><testcase classname="gov.irs.twe.factDictionary.StandardDeductionSpec" name="Standard Deduction amounts marriedFilingSeparately, claimed: false, blind: false, senior: true, income: 0.00" time="0.003">
                      
                    </testcase><testcase classname="gov.irs.twe.factDictionary.StandardDeductionSpec" name="Standard Deduction amounts marriedFilingSeparately, claimed: false, blind: false, senior: true, income: 900.00" time="0.002">
                      
                    </testcase><testcase classname="gov.irs.twe.factDictionary.StandardDeductionSpec" name="Standard Deduction amounts marriedFilingSeparately, claimed: false, blind: false, senior: true, income: 901.00" time="0.002">
                      
                    </testcase><testcase classname="gov.irs.twe.factDictionary.StandardDeductionSpec" name="Standard Deduction amounts marriedFilingSeparately, claimed: false, blind: false, senior: false, income: 0.00" time="0.0">
                      
                    </testcase><testcase classname="gov.irs.twe.factDictionary.StandardDeductionSpec" name="Standard Deduction amounts marriedFilingSeparately, claimed: false, blind: false, senior: false, income: 900.00" time="0.001">
                      
                    </testcase><testcase classname="gov.irs.twe.factDictionary.StandardDeductionSpec" name="Standard Deduction amounts marriedFilingSeparately, claimed: false, blind: false, senior: false, income: 901.00" time="0.002">
                      
                    </testcase><testcase classname="gov.irs.twe.factDictionary.StandardDeductionSpec" name="Standard Deduction amounts qualifiedSurvivingSpouse, claimed: true, blind: true, senior: true, income: 0.00" time="0.002">
                      
                    </testcase><testcase classname="gov.irs.twe.factDictionary.StandardDeductionSpec" name="Standard Deduction amounts qualifiedSurvivingSpouse, claimed: true, blind: true, senior: true, income: 900.00" time="0.003">
                      
                    </testcase><testcase classname="gov.irs.twe.factDictionary.StandardDeductionSpec" name="Standard Deduction amounts qualifiedSurvivingSpouse, claimed: true, blind: true, senior: true, income: 901.00" time="0.003">
                      
                    </testcase><testcase classname="gov.irs.twe.factDictionary.StandardDeductionSpec" name="Standard Deduction amounts qualifiedSurvivingSpouse, claimed: true, blind: true, senior: false, income: 0.00" time="0.003">
                      
                    </testcase><testcase classname="gov.irs.twe.factDictionary.StandardDeductionSpec" name="Standard Deduction amounts qualifiedSurvivingSpouse, claimed: true, blind: true, senior: false, income: 900.00" time="0.002">
                      
                    </testcase><testcase classname="gov.irs.twe.factDictionary.StandardDeductionSpec" name="Standard Deduction amounts qualifiedSurvivingSpouse, claimed: true, blind: true, senior: false, income: 901.00" time="0.002">
                      
                    </testcase><testcase classname="gov.irs.twe.factDictionary.StandardDeductionSpec" name="Standard Deduction amounts qualifiedSurvivingSpouse, claimed: true, blind: false, senior: true, income: 0.00" time="0.002">
                      
                    </testcase><testcase classname="gov.irs.twe.factDictionary.StandardDeductionSpec" name="Standard Deduction amounts qualifiedSurvivingSpouse, claimed: true, blind: false, senior: true, income: 900.00" time="0.001">
                      
                    </testcase><testcase classname="gov.irs.twe.factDictionary.StandardDeductionSpec" name="Standard Deduction amounts qualifiedSurvivingSpouse, claimed: true, blind: false, senior: true, income: 901.00" time="0.001">
                      
                    </testcase><testcase classname="gov.irs.twe.factDictionary.StandardDeductionSpec" name="Standard Deduction amounts qualifiedSurvivingSpouse, claimed: true, blind: false, senior: false, income: 0.00" time="0.001">
                      
                    </testcase><testcase classname="gov.irs.twe.factDictionary.StandardDeductionSpec" name="Standard Deduction amounts qualifiedSurvivingSpouse, claimed: true, blind: false, senior: false, income: 900.00" time="0.001">
                      
                    </testcase><testcase classname="gov.irs.twe.factDictionary.StandardDeductionSpec" name="Standard Deduction amounts qualifiedSurvivingSpouse, claimed: true, blind: false, senior: false, income: 901.00" time="0.003">
                      
                    </testcase><testcase classname="gov.irs.twe.factDictionary.StandardDeductionSpec" name="Standard Deduction amounts qualifiedSurvivingSpouse, claimed: false, blind: true, senior: true, income: 0.00" time="0.002">
                      
                    </testcase><testcase classname="gov.irs.twe.factDictionary.StandardDeductionSpec" name="Standard Deduction amounts qualifiedSurvivingSpouse, claimed: false, blind: true, senior: true, income: 900.00" time="0.001">
                      
                    </testcase><testcase classname="gov.irs.twe.factDictionary.StandardDeductionSpec" name="Standard Deduction amounts qualifiedSurvivingSpouse, claimed: false, blind: true, senior: true, income: 901.00" time="0.001">
                      
                    </testcase><testcase classname="gov.irs.twe.factDictionary.StandardDeductionSpec" name="Standard Deduction amounts qualifiedSurvivingSpouse, claimed: false, blind: true, senior: false, income: 0.00" time="0.0">
                      
                    </testcase><testcase classname="gov.irs.twe.factDictionary.StandardDeductionSpec" name="Standard Deduction amounts qualifiedSurvivingSpouse, claimed: false, blind: true, senior: false, income: 900.00" time="0.001">
                      
                    </testcase><testcase classname="gov.irs.twe.factDictionary.StandardDeductionSpec" name="Standard Deduction amounts qualifiedSurvivingSpouse, claimed: false, blind: true, senior: false, income: 901.00" time="0.001">
                      
                    </testcase><testcase classname="gov.irs.twe.factDictionary.StandardDeductionSpec" name="Standard Deduction amounts qualifiedSurvivingSpouse, claimed: false, blind: false, senior: true, income: 0.00" time="0.001">
                      
                    </testcase><testcase classname="gov.irs.twe.factDictionary.StandardDeductionSpec" name="Standard Deduction amounts qualifiedSurvivingSpouse, claimed: false, blind: false, senior: true, income: 900.00" time="0.001">
                      
                    </testcase><testcase classname="gov.irs.twe.factDictionary.StandardDeductionSpec" name="Standard Deduction amounts qualifiedSurvivingSpouse, claimed: false, blind: false, senior: true, income: 901.00" time="0.002">
                      
                    </testcase><testcase classname="gov.irs.twe.factDictionary.StandardDeductionSpec" name="Standard Deduction amounts qualifiedSurvivingSpouse, claimed: false, blind: false, senior: false, income: 0.00" time="0.0">
                      
                    </testcase><testcase classname="gov.irs.twe.factDictionary.StandardDeductionSpec" name="Standard Deduction amounts qualifiedSurvivingSpouse, claimed: false, blind: false, senior: false, income: 900.00" time="0.001">
                      
                    </testcase><testcase classname="gov.irs.twe.factDictionary.StandardDeductionSpec" name="Standard Deduction amounts qualifiedSurvivingSpouse, claimed: false, blind: false, senior: false, income: 901.00" time="0.002">
                      
                    </testcase><testcase classname="gov.irs.twe.factDictionary.StandardDeductionSpec" name="Standard Deduction amounts headOfHousehold, claimed: true, blind: true, senior: true, income: 0.00" time="0.001">
                      
                    </testcase><testcase classname="gov.irs.twe.factDictionary.StandardDeductionSpec" name="Standard Deduction amounts headOfHousehold, claimed: true, blind: true, senior: true, income: 900.00" time="0.001">
                      
                    </testcase><testcase classname="gov.irs.twe.factDictionary.StandardDeductionSpec" name="Standard Deduction amounts headOfHousehold, claimed: true, blind: true, senior: true, income: 901.00" time="0.006">
                      
                    </testcase><testcase classname="gov.irs.twe.factDictionary.StandardDeductionSpec" name="Standard Deduction amounts headOfHousehold, claimed: true, blind: true, senior: false, income: 0.00" time="0.003">
                      
                    </testcase><testcase classname="gov.irs.twe.factDictionary.StandardDeductionSpec" name="Standard Deduction amounts headOfHousehold, claimed: true, blind: true, senior: false, income: 900.00" time="0.001">
                      
                    </testcase><testcase classname="gov.irs.twe.factDictionary.StandardDeductionSpec" name="Standard Deduction amounts headOfHousehold, claimed: true, blind: true, senior: false, income: 901.00" time="0.001">
                      
                    </testcase><testcase classname="gov.irs.twe.factDictionary.StandardDeductionSpec" name="Standard Deduction amounts headOfHousehold, claimed: true, blind: false, senior: true, income: 0.00" time="0.001">
                      
                    </testcase><testcase classname="gov.irs.twe.factDictionary.StandardDeductionSpec" name="Standard Deduction amounts headOfHousehold, claimed: true, blind: false, senior: true, income: 900.00" time="0.0">
                      
                    </testcase><testcase classname="gov.irs.twe.factDictionary.StandardDeductionSpec" name="Standard Deduction amounts headOfHousehold, claimed: true, blind: false, senior: true, income: 901.00" time="0.001">
                      
                    </testcase><testcase classname="gov.irs.twe.factDictionary.StandardDeductionSpec" name="Standard Deduction amounts headOfHousehold, claimed: true, blind: false, senior: false, income: 0.00" time="0.008">
                      
                    </testcase><testcase classname="gov.irs.twe.factDictionary.StandardDeductionSpec" name="Standard Deduction amounts headOfHousehold, claimed: true, blind: false, senior: false, income: 900.00" time="0.001">
                      
                    </testcase><testcase classname="gov.irs.twe.factDictionary.StandardDeductionSpec" name="Standard Deduction amounts headOfHousehold, claimed: true, blind: false, senior: false, income: 901.00" time="0.001">
                      
                    </testcase><testcase classname="gov.irs.twe.factDictionary.StandardDeductionSpec" name="Standard Deduction amounts headOfHousehold, claimed: false, blind: true, senior: true, income: 0.00" time="0.001">
                      
                    </testcase><testcase classname="gov.irs.twe.factDictionary.StandardDeductionSpec" name="Standard Deduction amounts headOfHousehold, claimed: false, blind: true, senior: true, income: 900.00" time="0.001">
                      
                    </testcase><testcase classname="gov.irs.twe.factDictionary.StandardDeductionSpec" name="Standard Deduction amounts headOfHousehold, claimed: false, blind: true, senior: true, income: 901.00" time="0.0">
                      
                    </testcase><testcase classname="gov.irs.twe.factDictionary.StandardDeductionSpec" name="Standard Deduction amounts headOfHousehold, claimed: false, blind: true, senior: false, income: 0.00" time="0.0">
                      
                    </testcase><testcase classname="gov.irs.twe.factDictionary.StandardDeductionSpec" name="Standard Deduction amounts headOfHousehold, claimed: false, blind: true, senior: false, income: 900.00" time="0.001">
                      
                    </testcase><testcase classname="gov.irs.twe.factDictionary.StandardDeductionSpec" name="Standard Deduction amounts headOfHousehold, claimed: false, blind: true, senior: false, income: 901.00" time="0.001">
                      
                    </testcase><testcase classname="gov.irs.twe.factDictionary.StandardDeductionSpec" name="Standard Deduction amounts headOfHousehold, claimed: false, blind: false, senior: true, income: 0.00" time="0.0">
                      
                    </testcase><testcase classname="gov.irs.twe.factDictionary.StandardDeductionSpec" name="Standard Deduction amounts headOfHousehold, claimed: false, blind: false, senior: true, income: 900.00" time="0.001">
                      
                    </testcase><testcase classname="gov.irs.twe.factDictionary.StandardDeductionSpec" name="Standard Deduction amounts headOfHousehold, claimed: false, blind: false, senior: true, income: 901.00" time="0.0">
                      
                    </testcase><testcase classname="gov.irs.twe.factDictionary.StandardDeductionSpec" name="Standard Deduction amounts headOfHousehold, claimed: false, blind: false, senior: false, income: 0.00" time="0.001">
                      
                    </testcase><testcase classname="gov.irs.twe.factDictionary.StandardDeductionSpec" name="Standard Deduction amounts headOfHousehold, claimed: false, blind: false, senior: false, income: 900.00" time="0.001">
                      
                    </testcase><testcase classname="gov.irs.twe.factDictionary.StandardDeductionSpec" name="Standard Deduction amounts headOfHousehold, claimed: false, blind: false, senior: false, income: 901.00" time="0.001">
                      
                    </testcase><testcase classname="gov.irs.twe.factDictionary.StandardDeductionSpec" name="Standard Deduction amounts marriedFilingJointly, claimed: true, blind: true, senior: true, spouse claimed: true, spouse blind: true, spouse senior: true, income: 0.00" time="0.001">
                      
                    </testcase><testcase classname="gov.irs.twe.factDictionary.StandardDeductionSpec" name="Standard Deduction amounts marriedFilingJointly, claimed: true, blind: true, senior: true, spouse claimed: true, spouse blind: true, spouse senior: true, income: 900.00" time="0.001">
                      
                    </testcase><testcase classname="gov.irs.twe.factDictionary.StandardDeductionSpec" name="Standard Deduction amounts marriedFilingJointly, claimed: true, blind: true, senior: true, spouse claimed: true, spouse blind: true, spouse senior: true, income: 901.00" time="0.001">
                      
                    </testcase><testcase classname="gov.irs.twe.factDictionary.StandardDeductionSpec" name="Standard Deduction amounts marriedFilingJointly, claimed: true, blind: true, senior: true, spouse claimed: true, spouse blind: true, spouse senior: false, income: 0.00" time="0.001">
                      
                    </testcase><testcase classname="gov.irs.twe.factDictionary.StandardDeductionSpec" name="Standard Deduction amounts marriedFilingJointly, claimed: true, blind: true, senior: true, spouse claimed: true, spouse blind: true, spouse senior: false, income: 900.00" time="0.001">
                      
                    </testcase><testcase classname="gov.irs.twe.factDictionary.StandardDeductionSpec" name="Standard Deduction amounts marriedFilingJointly, claimed: true, blind: true, senior: true, spouse claimed: true, spouse blind: true, spouse senior: false, income: 901.00" time="0.001">
                      
                    </testcase><testcase classname="gov.irs.twe.factDictionary.StandardDeductionSpec" name="Standard Deduction amounts marriedFilingJointly, claimed: true, blind: true, senior: true, spouse claimed: true, spouse blind: false, spouse senior: true, income: 0.00" time="0.001">
                      
                    </testcase><testcase classname="gov.irs.twe.factDictionary.StandardDeductionSpec" name="Standard Deduction amounts marriedFilingJointly, claimed: true, blind: true, senior: true, spouse claimed: true, spouse blind: false, spouse senior: true, income: 900.00" time="0.003">
                      
                    </testcase><testcase classname="gov.irs.twe.factDictionary.StandardDeductionSpec" name="Standard Deduction amounts marriedFilingJointly, claimed: true, blind: true, senior: true, spouse claimed: true, spouse blind: false, spouse senior: true, income: 901.00" time="0.003">
                      
                    </testcase><testcase classname="gov.irs.twe.factDictionary.StandardDeductionSpec" name="Standard Deduction amounts marriedFilingJointly, claimed: true, blind: true, senior: true, spouse claimed: true, spouse blind: false, spouse senior: false, income: 0.00" time="0.002">
                      
                    </testcase><testcase classname="gov.irs.twe.factDictionary.StandardDeductionSpec" name="Standard Deduction amounts marriedFilingJointly, claimed: true, blind: true, senior: true, spouse claimed: true, spouse blind: false, spouse senior: false, income: 900.00" time="0.001">
                      
                    </testcase><testcase classname="gov.irs.twe.factDictionary.StandardDeductionSpec" name="Standard Deduction amounts marriedFilingJointly, claimed: true, blind: true, senior: true, spouse claimed: true, spouse blind: false, spouse senior: false, income: 901.00" time="0.001">
                      
                    </testcase><testcase classname="gov.irs.twe.factDictionary.StandardDeductionSpec" name="Standard Deduction amounts marriedFilingJointly, claimed: true, blind: true, senior: true, spouse claimed: false, spouse blind: true, spouse senior: true, income: 0.00" time="0.007">
                      
                    </testcase><testcase classname="gov.irs.twe.factDictionary.StandardDeductionSpec" name="Standard Deduction amounts marriedFilingJointly, claimed: true, blind: true, senior: true, spouse claimed: false, spouse blind: true, spouse senior: true, income: 900.00" time="0.001">
                      
                    </testcase><testcase classname="gov.irs.twe.factDictionary.StandardDeductionSpec" name="Standard Deduction amounts marriedFilingJointly, claimed: true, blind: true, senior: true, spouse claimed: false, spouse blind: true, spouse senior: true, income: 901.00" time="0.001">
                      
                    </testcase><testcase classname="gov.irs.twe.factDictionary.StandardDeductionSpec" name="Standard Deduction amounts marriedFilingJointly, claimed: true, blind: true, senior: true, spouse claimed: false, spouse blind: true, spouse senior: false, income: 0.00" time="0.001">
                      
                    </testcase><testcase classname="gov.irs.twe.factDictionary.StandardDeductionSpec" name="Standard Deduction amounts marriedFilingJointly, claimed: true, blind: true, senior: true, spouse claimed: false, spouse blind: true, spouse senior: false, income: 900.00" time="0.001">
                      
                    </testcase><testcase classname="gov.irs.twe.factDictionary.StandardDeductionSpec" name="Standard Deduction amounts marriedFilingJointly, claimed: true, blind: true, senior: true, spouse claimed: false, spouse blind: true, spouse senior: false, income: 901.00" time="0.0">
                      
                    </testcase><testcase classname="gov.irs.twe.factDictionary.StandardDeductionSpec" name="Standard Deduction amounts marriedFilingJointly, claimed: true, blind: true, senior: true, spouse claimed: false, spouse blind: false, spouse senior: true, income: 0.00" time="0.0">
                      
                    </testcase><testcase classname="gov.irs.twe.factDictionary.StandardDeductionSpec" name="Standard Deduction amounts marriedFilingJointly, claimed: true, blind: true, senior: true, spouse claimed: false, spouse blind: false, spouse senior: true, income: 900.00" time="0.001">
                      
                    </testcase><testcase classname="gov.irs.twe.factDictionary.StandardDeductionSpec" name="Standard Deduction amounts marriedFilingJointly, claimed: true, blind: true, senior: true, spouse claimed: false, spouse blind: false, spouse senior: true, income: 901.00" time="0.001">
                      
                    </testcase><testcase classname="gov.irs.twe.factDictionary.StandardDeductionSpec" name="Standard Deduction amounts marriedFilingJointly, claimed: true, blind: true, senior: true, spouse claimed: false, spouse blind: false, spouse senior: false, income: 0.00" time="0.001">
                      
                    </testcase><testcase classname="gov.irs.twe.factDictionary.StandardDeductionSpec" name="Standard Deduction amounts marriedFilingJointly, claimed: true, blind: true, senior: true, spouse claimed: false, spouse blind: false, spouse senior: false, income: 900.00" time="0.001">
                      
                    </testcase><testcase classname="gov.irs.twe.factDictionary.StandardDeductionSpec" name="Standard Deduction amounts marriedFilingJointly, claimed: true, blind: true, senior: true, spouse claimed: false, spouse blind: false, spouse senior: false, income: 901.00" time="0.003">
                      
                    </testcase><testcase classname="gov.irs.twe.factDictionary.StandardDeductionSpec" name="Standard Deduction amounts marriedFilingJointly, claimed: true, blind: true, senior: false, spouse claimed: true, spouse blind: true, spouse senior: true, income: 0.00" time="0.003">
                      
                    </testcase><testcase classname="gov.irs.twe.factDictionary.StandardDeductionSpec" name="Standard Deduction amounts marriedFilingJointly, claimed: true, blind: true, senior: false, spouse claimed: true, spouse blind: true, spouse senior: true, income: 900.00" time="0.003">
                      
                    </testcase><testcase classname="gov.irs.twe.factDictionary.StandardDeductionSpec" name="Standard Deduction amounts marriedFilingJointly, claimed: true, blind: true, senior: false, spouse claimed: true, spouse blind: true, spouse senior: true, income: 901.00" time="0.002">
                      
                    </testcase><testcase classname="gov.irs.twe.factDictionary.StandardDeductionSpec" name="Standard Deduction amounts marriedFilingJointly, claimed: true, blind: true, senior: false, spouse claimed: true, spouse blind: true, spouse senior: false, income: 0.00" time="0.002">
                      
                    </testcase><testcase classname="gov.irs.twe.factDictionary.StandardDeductionSpec" name="Standard Deduction amounts marriedFilingJointly, claimed: true, blind: true, senior: false, spouse claimed: true, spouse blind: true, spouse senior: false, income: 900.00" time="0.002">
                      
                    </testcase><testcase classname="gov.irs.twe.factDictionary.StandardDeductionSpec" name="Standard Deduction amounts marriedFilingJointly, claimed: true, blind: true, senior: false, spouse claimed: true, spouse blind: true, spouse senior: false, income: 901.00" time="0.002">
                      
                    </testcase><testcase classname="gov.irs.twe.factDictionary.StandardDeductionSpec" name="Standard Deduction amounts marriedFilingJointly, claimed: true, blind: true, senior: false, spouse claimed: true, spouse blind: false, spouse senior: true, income: 0.00" time="0.003">
                      
                    </testcase><testcase classname="gov.irs.twe.factDictionary.StandardDeductionSpec" name="Standard Deduction amounts marriedFilingJointly, claimed: true, blind: true, senior: false, spouse claimed: true, spouse blind: false, spouse senior: true, income: 900.00" time="0.002">
                      
                    </testcase><testcase classname="gov.irs.twe.factDictionary.StandardDeductionSpec" name="Standard Deduction amounts marriedFilingJointly, claimed: true, blind: true, senior: false, spouse claimed: true, spouse blind: false, spouse senior: true, income: 901.00" time="0.002">
                      
                    </testcase><testcase classname="gov.irs.twe.factDictionary.StandardDeductionSpec" name="Standard Deduction amounts marriedFilingJointly, claimed: true, blind: true, senior: false, spouse claimed: true, spouse blind: false, spouse senior: false, income: 0.00" time="0.002">
                      
                    </testcase><testcase classname="gov.irs.twe.factDictionary.StandardDeductionSpec" name="Standard Deduction amounts marriedFilingJointly, claimed: true, blind: true, senior: false, spouse claimed: true, spouse blind: false, spouse senior: false, income: 900.00" time="0.003">
                      
                    </testcase><testcase classname="gov.irs.twe.factDictionary.StandardDeductionSpec" name="Standard Deduction amounts marriedFilingJointly, claimed: true, blind: true, senior: false, spouse claimed: true, spouse blind: false, spouse senior: false, income: 901.00" time="0.004">
                      
                    </testcase><testcase classname="gov.irs.twe.factDictionary.StandardDeductionSpec" name="Standard Deduction amounts marriedFilingJointly, claimed: true, blind: true, senior: false, spouse claimed: false, spouse blind: true, spouse senior: true, income: 0.00" time="0.001">
                      
                    </testcase><testcase classname="gov.irs.twe.factDictionary.StandardDeductionSpec" name="Standard Deduction amounts marriedFilingJointly, claimed: true, blind: true, senior: false, spouse claimed: false, spouse blind: true, spouse senior: true, income: 900.00" time="0.001">
                      
                    </testcase><testcase classname="gov.irs.twe.factDictionary.StandardDeductionSpec" name="Standard Deduction amounts marriedFilingJointly, claimed: true, blind: true, senior: false, spouse claimed: false, spouse blind: true, spouse senior: true, income: 901.00" time="0.001">
                      
                    </testcase><testcase classname="gov.irs.twe.factDictionary.StandardDeductionSpec" name="Standard Deduction amounts marriedFilingJointly, claimed: true, blind: true, senior: false, spouse claimed: false, spouse blind: true, spouse senior: false, income: 0.00" time="0.001">
                      
                    </testcase><testcase classname="gov.irs.twe.factDictionary.StandardDeductionSpec" name="Standard Deduction amounts marriedFilingJointly, claimed: true, blind: true, senior: false, spouse claimed: false, spouse blind: true, spouse senior: false, income: 900.00" time="0.002">
                      
                    </testcase><testcase classname="gov.irs.twe.factDictionary.StandardDeductionSpec" name="Standard Deduction amounts marriedFilingJointly, claimed: true, blind: true, senior: false, spouse claimed: false, spouse blind: true, spouse senior: false, income: 901.00" time="0.004">
                      
                    </testcase><testcase classname="gov.irs.twe.factDictionary.StandardDeductionSpec" name="Standard Deduction amounts marriedFilingJointly, claimed: true, blind: true, senior: false, spouse claimed: false, spouse blind: false, spouse senior: true, income: 0.00" time="0.003">
                      
                    </testcase><testcase classname="gov.irs.twe.factDictionary.StandardDeductionSpec" name="Standard Deduction amounts marriedFilingJointly, claimed: true, blind: true, senior: false, spouse claimed: false, spouse blind: false, spouse senior: true, income: 900.00" time="0.001">
                      
                    </testcase><testcase classname="gov.irs.twe.factDictionary.StandardDeductionSpec" name="Standard Deduction amounts marriedFilingJointly, claimed: true, blind: true, senior: false, spouse claimed: false, spouse blind: false, spouse senior: true, income: 901.00" time="0.003">
                      
                    </testcase><testcase classname="gov.irs.twe.factDictionary.StandardDeductionSpec" name="Standard Deduction amounts marriedFilingJointly, claimed: true, blind: true, senior: false, spouse claimed: false, spouse blind: false, spouse senior: false, income: 0.00" time="0.014">
                      
                    </testcase><testcase classname="gov.irs.twe.factDictionary.StandardDeductionSpec" name="Standard Deduction amounts marriedFilingJointly, claimed: true, blind: true, senior: false, spouse claimed: false, spouse blind: false, spouse senior: false, income: 900.00" time="0.001">
                      
                    </testcase><testcase classname="gov.irs.twe.factDictionary.StandardDeductionSpec" name="Standard Deduction amounts marriedFilingJointly, claimed: true, blind: true, senior: false, spouse claimed: false, spouse blind: false, spouse senior: false, income: 901.00" time="0.001">
                      
                    </testcase><testcase classname="gov.irs.twe.factDictionary.StandardDeductionSpec" name="Standard Deduction amounts marriedFilingJointly, claimed: true, blind: false, senior: true, spouse claimed: true, spouse blind: true, spouse senior: true, income: 0.00" time="0.001">
                      
                    </testcase><testcase classname="gov.irs.twe.factDictionary.StandardDeductionSpec" name="Standard Deduction amounts marriedFilingJointly, claimed: true, blind: false, senior: true, spouse claimed: true, spouse blind: true, spouse senior: true, income: 900.00" time="0.001">
                      
                    </testcase><testcase classname="gov.irs.twe.factDictionary.StandardDeductionSpec" name="Standard Deduction amounts marriedFilingJointly, claimed: true, blind: false, senior: true, spouse claimed: true, spouse blind: true, spouse senior: true, income: 901.00" time="0.001">
                      
                    </testcase><testcase classname="gov.irs.twe.factDictionary.StandardDeductionSpec" name="Standard Deduction amounts marriedFilingJointly, claimed: true, blind: false, senior: true, spouse claimed: true, spouse blind: true, spouse senior: false, income: 0.00" time="0.001">
                      
                    </testcase><testcase classname="gov.irs.twe.factDictionary.StandardDeductionSpec" name="Standard Deduction amounts marriedFilingJointly, claimed: true, blind: false, senior: true, spouse claimed: true, spouse blind: true, spouse senior: false, income: 900.00" time="0.001">
                      
                    </testcase><testcase classname="gov.irs.twe.factDictionary.StandardDeductionSpec" name="Standard Deduction amounts marriedFilingJointly, claimed: true, blind: false, senior: true, spouse claimed: true, spouse blind: true, spouse senior: false, income: 901.00" time="0.001">
                      
                    </testcase><testcase classname="gov.irs.twe.factDictionary.StandardDeductionSpec" name="Standard Deduction amounts marriedFilingJointly, claimed: true, blind: false, senior: true, spouse claimed: true, spouse blind: false, spouse senior: true, income: 0.00" time="0.001">
                      
                    </testcase><testcase classname="gov.irs.twe.factDictionary.StandardDeductionSpec" name="Standard Deduction amounts marriedFilingJointly, claimed: true, blind: false, senior: true, spouse claimed: true, spouse blind: false, spouse senior: true, income: 900.00" time="0.001">
                      
                    </testcase><testcase classname="gov.irs.twe.factDictionary.StandardDeductionSpec" name="Standard Deduction amounts marriedFilingJointly, claimed: true, blind: false, senior: true, spouse claimed: true, spouse blind: false, spouse senior: true, income: 901.00" time="0.001">
                      
                    </testcase><testcase classname="gov.irs.twe.factDictionary.StandardDeductionSpec" name="Standard Deduction amounts marriedFilingJointly, claimed: true, blind: false, senior: true, spouse claimed: true, spouse blind: false, spouse senior: false, income: 0.00" time="0.001">
                      
                    </testcase><testcase classname="gov.irs.twe.factDictionary.StandardDeductionSpec" name="Standard Deduction amounts marriedFilingJointly, claimed: true, blind: false, senior: true, spouse claimed: true, spouse blind: false, spouse senior: false, income: 900.00" time="0.001">
                      
                    </testcase><testcase classname="gov.irs.twe.factDictionary.StandardDeductionSpec" name="Standard Deduction amounts marriedFilingJointly, claimed: true, blind: false, senior: true, spouse claimed: true, spouse blind: false, spouse senior: false, income: 901.00" time="0.001">
                      
                    </testcase><testcase classname="gov.irs.twe.factDictionary.StandardDeductionSpec" name="Standard Deduction amounts marriedFilingJointly, claimed: true, blind: false, senior: true, spouse claimed: false, spouse blind: true, spouse senior: true, income: 0.00" time="0.002">
                      
                    </testcase><testcase classname="gov.irs.twe.factDictionary.StandardDeductionSpec" name="Standard Deduction amounts marriedFilingJointly, claimed: true, blind: false, senior: true, spouse claimed: false, spouse blind: true, spouse senior: true, income: 900.00" time="0.001">
                      
                    </testcase><testcase classname="gov.irs.twe.factDictionary.StandardDeductionSpec" name="Standard Deduction amounts marriedFilingJointly, claimed: true, blind: false, senior: true, spouse claimed: false, spouse blind: true, spouse senior: true, income: 901.00" time="0.001">
                      
                    </testcase><testcase classname="gov.irs.twe.factDictionary.StandardDeductionSpec" name="Standard Deduction amounts marriedFilingJointly, claimed: true, blind: false, senior: true, spouse claimed: false, spouse blind: true, spouse senior: false, income: 0.00" time="0.001">
                      
                    </testcase><testcase classname="gov.irs.twe.factDictionary.StandardDeductionSpec" name="Standard Deduction amounts marriedFilingJointly, claimed: true, blind: false, senior: true, spouse claimed: false, spouse blind: true, spouse senior: false, income: 900.00" time="0.001">
                      
                    </testcase><testcase classname="gov.irs.twe.factDictionary.StandardDeductionSpec" name="Standard Deduction amounts marriedFilingJointly, claimed: true, blind: false, senior: true, spouse claimed: false, spouse blind: true, spouse senior: false, income: 901.00" time="0.001">
                      
                    </testcase><testcase classname="gov.irs.twe.factDictionary.StandardDeductionSpec" name="Standard Deduction amounts marriedFilingJointly, claimed: true, blind: false, senior: true, spouse claimed: false, spouse blind: false, spouse senior: true, income: 0.00" time="0.001">
                      
                    </testcase><testcase classname="gov.irs.twe.factDictionary.StandardDeductionSpec" name="Standard Deduction amounts marriedFilingJointly, claimed: true, blind: false, senior: true, spouse claimed: false, spouse blind: false, spouse senior: true, income: 900.00" time="0.001">
                      
                    </testcase><testcase classname="gov.irs.twe.factDictionary.StandardDeductionSpec" name="Standard Deduction amounts marriedFilingJointly, claimed: true, blind: false, senior: true, spouse claimed: false, spouse blind: false, spouse senior: true, income: 901.00" time="0.002">
                      
                    </testcase><testcase classname="gov.irs.twe.factDictionary.StandardDeductionSpec" name="Standard Deduction amounts marriedFilingJointly, claimed: true, blind: false, senior: true, spouse claimed: false, spouse blind: false, spouse senior: false, income: 0.00" time="0.001">
                      
                    </testcase><testcase classname="gov.irs.twe.factDictionary.StandardDeductionSpec" name="Standard Deduction amounts marriedFilingJointly, claimed: true, blind: false, senior: true, spouse claimed: false, spouse blind: false, spouse senior: false, income: 900.00" time="0.001">
                      
                    </testcase><testcase classname="gov.irs.twe.factDictionary.StandardDeductionSpec" name="Standard Deduction amounts marriedFilingJointly, claimed: true, blind: false, senior: true, spouse claimed: false, spouse blind: false, spouse senior: false, income: 901.00" time="0.001">
                      
                    </testcase><testcase classname="gov.irs.twe.factDictionary.StandardDeductionSpec" name="Standard Deduction amounts marriedFilingJointly, claimed: true, blind: false, senior: false, spouse claimed: true, spouse blind: true, spouse senior: true, income: 0.00" time="0.005">
                      
                    </testcase><testcase classname="gov.irs.twe.factDictionary.StandardDeductionSpec" name="Standard Deduction amounts marriedFilingJointly, claimed: true, blind: false, senior: false, spouse claimed: true, spouse blind: true, spouse senior: true, income: 900.00" time="0.004">
                      
                    </testcase><testcase classname="gov.irs.twe.factDictionary.StandardDeductionSpec" name="Standard Deduction amounts marriedFilingJointly, claimed: true, blind: false, senior: false, spouse claimed: true, spouse blind: true, spouse senior: true, income: 901.00" time="0.005">
                      
                    </testcase><testcase classname="gov.irs.twe.factDictionary.StandardDeductionSpec" name="Standard Deduction amounts marriedFilingJointly, claimed: true, blind: false, senior: false, spouse claimed: true, spouse blind: true, spouse senior: false, income: 0.00" time="0.007">
                      
                    </testcase><testcase classname="gov.irs.twe.factDictionary.StandardDeductionSpec" name="Standard Deduction amounts marriedFilingJointly, claimed: true, blind: false, senior: false, spouse claimed: true, spouse blind: true, spouse senior: false, income: 900.00" time="0.005">
                      
                    </testcase><testcase classname="gov.irs.twe.factDictionary.StandardDeductionSpec" name="Standard Deduction amounts marriedFilingJointly, claimed: true, blind: false, senior: false, spouse claimed: true, spouse blind: true, spouse senior: false, income: 901.00" time="0.004">
                      
                    </testcase><testcase classname="gov.irs.twe.factDictionary.StandardDeductionSpec" name="Standard Deduction amounts marriedFilingJointly, claimed: true, blind: false, senior: false, spouse claimed: true, spouse blind: false, spouse senior: true, income: 0.00" time="0.003">
                      
                    </testcase><testcase classname="gov.irs.twe.factDictionary.StandardDeductionSpec" name="Standard Deduction amounts marriedFilingJointly, claimed: true, blind: false, senior: false, spouse claimed: true, spouse blind: false, spouse senior: true, income: 900.00" time="0.003">
                      
                    </testcase><testcase classname="gov.irs.twe.factDictionary.StandardDeductionSpec" name="Standard Deduction amounts marriedFilingJointly, claimed: true, blind: false, senior: false, spouse claimed: true, spouse blind: false, spouse senior: true, income: 901.00" time="0.004">
                      
                    </testcase><testcase classname="gov.irs.twe.factDictionary.StandardDeductionSpec" name="Standard Deduction amounts marriedFilingJointly, claimed: true, blind: false, senior: false, spouse claimed: true, spouse blind: false, spouse senior: false, income: 0.00" time="0.002">
                      
                    </testcase><testcase classname="gov.irs.twe.factDictionary.StandardDeductionSpec" name="Standard Deduction amounts marriedFilingJointly, claimed: true, blind: false, senior: false, spouse claimed: true, spouse blind: false, spouse senior: false, income: 900.00" time="0.001">
                      
                    </testcase><testcase classname="gov.irs.twe.factDictionary.StandardDeductionSpec" name="Standard Deduction amounts marriedFilingJointly, claimed: true, blind: false, senior: false, spouse claimed: true, spouse blind: false, spouse senior: false, income: 901.00" time="0.001">
                      
                    </testcase><testcase classname="gov.irs.twe.factDictionary.StandardDeductionSpec" name="Standard Deduction amounts marriedFilingJointly, claimed: true, blind: false, senior: false, spouse claimed: false, spouse blind: true, spouse senior: true, income: 0.00" time="0.001">
                      
                    </testcase><testcase classname="gov.irs.twe.factDictionary.StandardDeductionSpec" name="Standard Deduction amounts marriedFilingJointly, claimed: true, blind: false, senior: false, spouse claimed: false, spouse blind: true, spouse senior: true, income: 900.00" time="0.001">
                      
                    </testcase><testcase classname="gov.irs.twe.factDictionary.StandardDeductionSpec" name="Standard Deduction amounts marriedFilingJointly, claimed: true, blind: false, senior: false, spouse claimed: false, spouse blind: true, spouse senior: true, income: 901.00" time="0.001">
                      
                    </testcase><testcase classname="gov.irs.twe.factDictionary.StandardDeductionSpec" name="Standard Deduction amounts marriedFilingJointly, claimed: true, blind: false, senior: false, spouse claimed: false, spouse blind: true, spouse senior: false, income: 0.00" time="0.001">
                      
                    </testcase><testcase classname="gov.irs.twe.factDictionary.StandardDeductionSpec" name="Standard Deduction amounts marriedFilingJointly, claimed: true, blind: false, senior: false, spouse claimed: false, spouse blind: true, spouse senior: false, income: 900.00" time="0.001">
                      
                    </testcase><testcase classname="gov.irs.twe.factDictionary.StandardDeductionSpec" name="Standard Deduction amounts marriedFilingJointly, claimed: true, blind: false, senior: false, spouse claimed: false, spouse blind: true, spouse senior: false, income: 901.00" time="0.001">
                      
                    </testcase><testcase classname="gov.irs.twe.factDictionary.StandardDeductionSpec" name="Standard Deduction amounts marriedFilingJointly, claimed: true, blind: false, senior: false, spouse claimed: false, spouse blind: false, spouse senior: true, income: 0.00" time="0.001">
                      
                    </testcase><testcase classname="gov.irs.twe.factDictionary.StandardDeductionSpec" name="Standard Deduction amounts marriedFilingJointly, claimed: true, blind: false, senior: false, spouse claimed: false, spouse blind: false, spouse senior: true, income: 900.00" time="0.001">
                      
                    </testcase><testcase classname="gov.irs.twe.factDictionary.StandardDeductionSpec" name="Standard Deduction amounts marriedFilingJointly, claimed: true, blind: false, senior: false, spouse claimed: false, spouse blind: false, spouse senior: true, income: 901.00" time="0.001">
                      
                    </testcase><testcase classname="gov.irs.twe.factDictionary.StandardDeductionSpec" name="Standard Deduction amounts marriedFilingJointly, claimed: true, blind: false, senior: false, spouse claimed: false, spouse blind: false, spouse senior: false, income: 0.00" time="0.001">
                      
                    </testcase><testcase classname="gov.irs.twe.factDictionary.StandardDeductionSpec" name="Standard Deduction amounts marriedFilingJointly, claimed: true, blind: false, senior: false, spouse claimed: false, spouse blind: false, spouse senior: false, income: 900.00" time="0.001">
                      
                    </testcase><testcase classname="gov.irs.twe.factDictionary.StandardDeductionSpec" name="Standard Deduction amounts marriedFilingJointly, claimed: true, blind: false, senior: false, spouse claimed: false, spouse blind: false, spouse senior: false, income: 901.00" time="0.001">
                      
                    </testcase><testcase classname="gov.irs.twe.factDictionary.StandardDeductionSpec" name="Standard Deduction amounts marriedFilingJointly, claimed: false, blind: true, senior: true, spouse claimed: true, spouse blind: true, spouse senior: true, income: 0.00" time="0.002">
                      
                    </testcase><testcase classname="gov.irs.twe.factDictionary.StandardDeductionSpec" name="Standard Deduction amounts marriedFilingJointly, claimed: false, blind: true, senior: true, spouse claimed: true, spouse blind: true, spouse senior: true, income: 900.00" time="0.001">
                      
                    </testcase><testcase classname="gov.irs.twe.factDictionary.StandardDeductionSpec" name="Standard Deduction amounts marriedFilingJointly, claimed: false, blind: true, senior: true, spouse claimed: true, spouse blind: true, spouse senior: true, income: 901.00" time="0.001">
                      
                    </testcase><testcase classname="gov.irs.twe.factDictionary.StandardDeductionSpec" name="Standard Deduction amounts marriedFilingJointly, claimed: false, blind: true, senior: true, spouse claimed: true, spouse blind: true, spouse senior: false, income: 0.00" time="0.001">
                      
                    </testcase><testcase classname="gov.irs.twe.factDictionary.StandardDeductionSpec" name="Standard Deduction amounts marriedFilingJointly, claimed: false, blind: true, senior: true, spouse claimed: true, spouse blind: true, spouse senior: false, income: 900.00" time="0.001">
                      
                    </testcase><testcase classname="gov.irs.twe.factDictionary.StandardDeductionSpec" name="Standard Deduction amounts marriedFilingJointly, claimed: false, blind: true, senior: true, spouse claimed: true, spouse blind: true, spouse senior: false, income: 901.00" time="0.002">
                      
                    </testcase><testcase classname="gov.irs.twe.factDictionary.StandardDeductionSpec" name="Standard Deduction amounts marriedFilingJointly, claimed: false, blind: true, senior: true, spouse claimed: true, spouse blind: false, spouse senior: true, income: 0.00" time="0.001">
                      
                    </testcase><testcase classname="gov.irs.twe.factDictionary.StandardDeductionSpec" name="Standard Deduction amounts marriedFilingJointly, claimed: false, blind: true, senior: true, spouse claimed: true, spouse blind: false, spouse senior: true, income: 900.00" time="0.001">
                      
                    </testcase><testcase classname="gov.irs.twe.factDictionary.StandardDeductionSpec" name="Standard Deduction amounts marriedFilingJointly, claimed: false, blind: true, senior: true, spouse claimed: true, spouse blind: false, spouse senior: true, income: 901.00" time="0.001">
                      
                    </testcase><testcase classname="gov.irs.twe.factDictionary.StandardDeductionSpec" name="Standard Deduction amounts marriedFilingJointly, claimed: false, blind: true, senior: true, spouse claimed: true, spouse blind: false, spouse senior: false, income: 0.00" time="0.001">
                      
                    </testcase><testcase classname="gov.irs.twe.factDictionary.StandardDeductionSpec" name="Standard Deduction amounts marriedFilingJointly, claimed: false, blind: true, senior: true, spouse claimed: true, spouse blind: false, spouse senior: false, income: 900.00" time="0.002">
                      
                    </testcase><testcase classname="gov.irs.twe.factDictionary.StandardDeductionSpec" name="Standard Deduction amounts marriedFilingJointly, claimed: false, blind: true, senior: true, spouse claimed: true, spouse blind: false, spouse senior: false, income: 901.00" time="0.001">
                      
                    </testcase><testcase classname="gov.irs.twe.factDictionary.StandardDeductionSpec" name="Standard Deduction amounts marriedFilingJointly, claimed: false, blind: true, senior: true, spouse claimed: false, spouse blind: true, spouse senior: true, income: 0.00" time="0.001">
                      
                    </testcase><testcase classname="gov.irs.twe.factDictionary.StandardDeductionSpec" name="Standard Deduction amounts marriedFilingJointly, claimed: false, blind: true, senior: true, spouse claimed: false, spouse blind: true, spouse senior: true, income: 900.00" time="0.001">
                      
                    </testcase><testcase classname="gov.irs.twe.factDictionary.StandardDeductionSpec" name="Standard Deduction amounts marriedFilingJointly, claimed: false, blind: true, senior: true, spouse claimed: false, spouse blind: true, spouse senior: true, income: 901.00" time="0.001">
                      
                    </testcase><testcase classname="gov.irs.twe.factDictionary.StandardDeductionSpec" name="Standard Deduction amounts marriedFilingJointly, claimed: false, blind: true, senior: true, spouse claimed: false, spouse blind: true, spouse senior: false, income: 0.00" time="0.001">
                      
                    </testcase><testcase classname="gov.irs.twe.factDictionary.StandardDeductionSpec" name="Standard Deduction amounts marriedFilingJointly, claimed: false, blind: true, senior: true, spouse claimed: false, spouse blind: true, spouse senior: false, income: 900.00" time="0.001">
                      
                    </testcase><testcase classname="gov.irs.twe.factDictionary.StandardDeductionSpec" name="Standard Deduction amounts marriedFilingJointly, claimed: false, blind: true, senior: true, spouse claimed: false, spouse blind: true, spouse senior: false, income: 901.00" time="0.001">
                      
                    </testcase><testcase classname="gov.irs.twe.factDictionary.StandardDeductionSpec" name="Standard Deduction amounts marriedFilingJointly, claimed: false, blind: true, senior: true, spouse claimed: false, spouse blind: false, spouse senior: true, income: 0.00" time="0.001">
                      
                    </testcase><testcase classname="gov.irs.twe.factDictionary.StandardDeductionSpec" name="Standard Deduction amounts marriedFilingJointly, claimed: false, blind: true, senior: true, spouse claimed: false, spouse blind: false, spouse senior: true, income: 900.00" time="0.001">
                      
                    </testcase><testcase classname="gov.irs.twe.factDictionary.StandardDeductionSpec" name="Standard Deduction amounts marriedFilingJointly, claimed: false, blind: true, senior: true, spouse claimed: false, spouse blind: false, spouse senior: true, income: 901.00" time="0.001">
                      
                    </testcase><testcase classname="gov.irs.twe.factDictionary.StandardDeductionSpec" name="Standard Deduction amounts marriedFilingJointly, claimed: false, blind: true, senior: true, spouse claimed: false, spouse blind: false, spouse senior: false, income: 0.00" time="0.001">
                      
                    </testcase><testcase classname="gov.irs.twe.factDictionary.StandardDeductionSpec" name="Standard Deduction amounts marriedFilingJointly, claimed: false, blind: true, senior: true, spouse claimed: false, spouse blind: false, spouse senior: false, income: 900.00" time="0.001">
                      
                    </testcase><testcase classname="gov.irs.twe.factDictionary.StandardDeductionSpec" name="Standard Deduction amounts marriedFilingJointly, claimed: false, blind: true, senior: true, spouse claimed: false, spouse blind: false, spouse senior: false, income: 901.00" time="0.001">
                      
                    </testcase><testcase classname="gov.irs.twe.factDictionary.StandardDeductionSpec" name="Standard Deduction amounts marriedFilingJointly, claimed: false, blind: true, senior: false, spouse claimed: true, spouse blind: true, spouse senior: true, income: 0.00" time="0.001">
                      
                    </testcase><testcase classname="gov.irs.twe.factDictionary.StandardDeductionSpec" name="Standard Deduction amounts marriedFilingJointly, claimed: false, blind: true, senior: false, spouse claimed: true, spouse blind: true, spouse senior: true, income: 900.00" time="0.006">
                      
                    </testcase><testcase classname="gov.irs.twe.factDictionary.StandardDeductionSpec" name="Standard Deduction amounts marriedFilingJointly, claimed: false, blind: true, senior: false, spouse claimed: true, spouse blind: true, spouse senior: true, income: 901.00" time="0.003">
                      
                    </testcase><testcase classname="gov.irs.twe.factDictionary.StandardDeductionSpec" name="Standard Deduction amounts marriedFilingJointly, claimed: false, blind: true, senior: false, spouse claimed: true, spouse blind: true, spouse senior: false, income: 0.00" time="0.003">
                      
                    </testcase><testcase classname="gov.irs.twe.factDictionary.StandardDeductionSpec" name="Standard Deduction amounts marriedFilingJointly, claimed: false, blind: true, senior: false, spouse claimed: true, spouse blind: true, spouse senior: false, income: 900.00" time="0.003">
                      
                    </testcase><testcase classname="gov.irs.twe.factDictionary.StandardDeductionSpec" name="Standard Deduction amounts marriedFilingJointly, claimed: false, blind: true, senior: false, spouse claimed: true, spouse blind: true, spouse senior: false, income: 901.00" time="0.001">
                      
                    </testcase><testcase classname="gov.irs.twe.factDictionary.StandardDeductionSpec" name="Standard Deduction amounts marriedFilingJointly, claimed: false, blind: true, senior: false, spouse claimed: true, spouse blind: false, spouse senior: true, income: 0.00" time="0.001">
                      
                    </testcase><testcase classname="gov.irs.twe.factDictionary.StandardDeductionSpec" name="Standard Deduction amounts marriedFilingJointly, claimed: false, blind: true, senior: false, spouse claimed: true, spouse blind: false, spouse senior: true, income: 900.00" time="0.001">
                      
                    </testcase><testcase classname="gov.irs.twe.factDictionary.StandardDeductionSpec" name="Standard Deduction amounts marriedFilingJointly, claimed: false, blind: true, senior: false, spouse claimed: true, spouse blind: false, spouse senior: true, income: 901.00" time="0.002">
                      
                    </testcase><testcase classname="gov.irs.twe.factDictionary.StandardDeductionSpec" name="Standard Deduction amounts marriedFilingJointly, claimed: false, blind: true, senior: false, spouse claimed: true, spouse blind: false, spouse senior: false, income: 0.00" time="0.001">
                      
                    </testcase><testcase classname="gov.irs.twe.factDictionary.StandardDeductionSpec" name="Standard Deduction amounts marriedFilingJointly, claimed: false, blind: true, senior: false, spouse claimed: true, spouse blind: false, spouse senior: false, income: 900.00" time="0.001">
                      
                    </testcase><testcase classname="gov.irs.twe.factDictionary.StandardDeductionSpec" name="Standard Deduction amounts marriedFilingJointly, claimed: false, blind: true, senior: false, spouse claimed: true, spouse blind: false, spouse senior: false, income: 901.00" time="0.001">
                      
                    </testcase><testcase classname="gov.irs.twe.factDictionary.StandardDeductionSpec" name="Standard Deduction amounts marriedFilingJointly, claimed: false, blind: true, senior: false, spouse claimed: false, spouse blind: true, spouse senior: true, income: 0.00" time="0.001">
                      
                    </testcase><testcase classname="gov.irs.twe.factDictionary.StandardDeductionSpec" name="Standard Deduction amounts marriedFilingJointly, claimed: false, blind: true, senior: false, spouse claimed: false, spouse blind: true, spouse senior: true, income: 900.00" time="0.002">
                      
                    </testcase><testcase classname="gov.irs.twe.factDictionary.StandardDeductionSpec" name="Standard Deduction amounts marriedFilingJointly, claimed: false, blind: true, senior: false, spouse claimed: false, spouse blind: true, spouse senior: true, income: 901.00" time="0.001">
                      
                    </testcase><testcase classname="gov.irs.twe.factDictionary.StandardDeductionSpec" name="Standard Deduction amounts marriedFilingJointly, claimed: false, blind: true, senior: false, spouse claimed: false, spouse blind: true, spouse senior: false, income: 0.00" time="0.001">
                      
                    </testcase><testcase classname="gov.irs.twe.factDictionary.StandardDeductionSpec" name="Standard Deduction amounts marriedFilingJointly, claimed: false, blind: true, senior: false, spouse claimed: false, spouse blind: true, spouse senior: false, income: 900.00" time="0.0">
                      
                    </testcase><testcase classname="gov.irs.twe.factDictionary.StandardDeductionSpec" name="Standard Deduction amounts marriedFilingJointly, claimed: false, blind: true, senior: false, spouse claimed: false, spouse blind: true, spouse senior: false, income: 901.00" time="0.0">
                      
                    </testcase><testcase classname="gov.irs.twe.factDictionary.StandardDeductionSpec" name="Standard Deduction amounts marriedFilingJointly, claimed: false, blind: true, senior: false, spouse claimed: false, spouse blind: false, spouse senior: true, income: 0.00" time="0.001">
                      
                    </testcase><testcase classname="gov.irs.twe.factDictionary.StandardDeductionSpec" name="Standard Deduction amounts marriedFilingJointly, claimed: false, blind: true, senior: false, spouse claimed: false, spouse blind: false, spouse senior: true, income: 900.00" time="0.001">
                      
                    </testcase><testcase classname="gov.irs.twe.factDictionary.StandardDeductionSpec" name="Standard Deduction amounts marriedFilingJointly, claimed: false, blind: true, senior: false, spouse claimed: false, spouse blind: false, spouse senior: true, income: 901.00" time="0.001">
                      
                    </testcase><testcase classname="gov.irs.twe.factDictionary.StandardDeductionSpec" name="Standard Deduction amounts marriedFilingJointly, claimed: false, blind: true, senior: false, spouse claimed: false, spouse blind: false, spouse senior: false, income: 0.00" time="0.001">
                      
                    </testcase><testcase classname="gov.irs.twe.factDictionary.StandardDeductionSpec" name="Standard Deduction amounts marriedFilingJointly, claimed: false, blind: true, senior: false, spouse claimed: false, spouse blind: false, spouse senior: false, income: 900.00" time="0.001">
                      
                    </testcase><testcase classname="gov.irs.twe.factDictionary.StandardDeductionSpec" name="Standard Deduction amounts marriedFilingJointly, claimed: false, blind: true, senior: false, spouse claimed: false, spouse blind: false, spouse senior: false, income: 901.00" time="0.001">
                      
                    </testcase><testcase classname="gov.irs.twe.factDictionary.StandardDeductionSpec" name="Standard Deduction amounts marriedFilingJointly, claimed: false, blind: false, senior: true, spouse claimed: true, spouse blind: true, spouse senior: true, income: 0.00" time="0.011">
                      
                    </testcase><testcase classname="gov.irs.twe.factDictionary.StandardDeductionSpec" name="Standard Deduction amounts marriedFilingJointly, claimed: false, blind: false, senior: true, spouse claimed: true, spouse blind: true, spouse senior: true, income: 900.00" time="0.001">
                      
                    </testcase><testcase classname="gov.irs.twe.factDictionary.StandardDeductionSpec" name="Standard Deduction amounts marriedFilingJointly, claimed: false, blind: false, senior: true, spouse claimed: true, spouse blind: true, spouse senior: true, income: 901.00" time="0.001">
                      
                    </testcase><testcase classname="gov.irs.twe.factDictionary.StandardDeductionSpec" name="Standard Deduction amounts marriedFilingJointly, claimed: false, blind: false, senior: true, spouse claimed: true, spouse blind: true, spouse senior: false, income: 0.00" time="0.004">
                      
                    </testcase><testcase classname="gov.irs.twe.factDictionary.StandardDeductionSpec" name="Standard Deduction amounts marriedFilingJointly, claimed: false, blind: false, senior: true, spouse claimed: true, spouse blind: true, spouse senior: false, income: 900.00" time="0.003">
                      
                    </testcase><testcase classname="gov.irs.twe.factDictionary.StandardDeductionSpec" name="Standard Deduction amounts marriedFilingJointly, claimed: false, blind: false, senior: true, spouse claimed: true, spouse blind: true, spouse senior: false, income: 901.00" time="0.002">
                      
                    </testcase><testcase classname="gov.irs.twe.factDictionary.StandardDeductionSpec" name="Standard Deduction amounts marriedFilingJointly, claimed: false, blind: false, senior: true, spouse claimed: true, spouse blind: false, spouse senior: true, income: 0.00" time="0.002">
                      
                    </testcase><testcase classname="gov.irs.twe.factDictionary.StandardDeductionSpec" name="Standard Deduction amounts marriedFilingJointly, claimed: false, blind: false, senior: true, spouse claimed: true, spouse blind: false, spouse senior: true, income: 900.00" time="0.004">
                      
                    </testcase><testcase classname="gov.irs.twe.factDictionary.StandardDeductionSpec" name="Standard Deduction amounts marriedFilingJointly, claimed: false, blind: false, senior: true, spouse claimed: true, spouse blind: false, spouse senior: true, income: 901.00" time="0.001">
                      
                    </testcase><testcase classname="gov.irs.twe.factDictionary.StandardDeductionSpec" name="Standard Deduction amounts marriedFilingJointly, claimed: false, blind: false, senior: true, spouse claimed: true, spouse blind: false, spouse senior: false, income: 0.00" time="0.0">
                      
                    </testcase><testcase classname="gov.irs.twe.factDictionary.StandardDeductionSpec" name="Standard Deduction amounts marriedFilingJointly, claimed: false, blind: false, senior: true, spouse claimed: true, spouse blind: false, spouse senior: false, income: 900.00" time="0.001">
                      
                    </testcase><testcase classname="gov.irs.twe.factDictionary.StandardDeductionSpec" name="Standard Deduction amounts marriedFilingJointly, claimed: false, blind: false, senior: true, spouse claimed: true, spouse blind: false, spouse senior: false, income: 901.00" time="0.001">
                      
                    </testcase><testcase classname="gov.irs.twe.factDictionary.StandardDeductionSpec" name="Standard Deduction amounts marriedFilingJointly, claimed: false, blind: false, senior: true, spouse claimed: false, spouse blind: true, spouse senior: true, income: 0.00" time="0.001">
                      
                    </testcase><testcase classname="gov.irs.twe.factDictionary.StandardDeductionSpec" name="Standard Deduction amounts marriedFilingJointly, claimed: false, blind: false, senior: true, spouse claimed: false, spouse blind: true, spouse senior: true, income: 900.00" time="0.0">
                      
                    </testcase><testcase classname="gov.irs.twe.factDictionary.StandardDeductionSpec" name="Standard Deduction amounts marriedFilingJointly, claimed: false, blind: false, senior: true, spouse claimed: false, spouse blind: true, spouse senior: true, income: 901.00" time="0.001">
                      
                    </testcase><testcase classname="gov.irs.twe.factDictionary.StandardDeductionSpec" name="Standard Deduction amounts marriedFilingJointly, claimed: false, blind: false, senior: true, spouse claimed: false, spouse blind: true, spouse senior: false, income: 0.00" time="0.001">
                      
                    </testcase><testcase classname="gov.irs.twe.factDictionary.StandardDeductionSpec" name="Standard Deduction amounts marriedFilingJointly, claimed: false, blind: false, senior: true, spouse claimed: false, spouse blind: true, spouse senior: false, income: 900.00" time="0.0">
                      
                    </testcase><testcase classname="gov.irs.twe.factDictionary.StandardDeductionSpec" name="Standard Deduction amounts marriedFilingJointly, claimed: false, blind: false, senior: true, spouse claimed: false, spouse blind: true, spouse senior: false, income: 901.00" time="0.001">
                      
                    </testcase><testcase classname="gov.irs.twe.factDictionary.StandardDeductionSpec" name="Standard Deduction amounts marriedFilingJointly, claimed: false, blind: false, senior: true, spouse claimed: false, spouse blind: false, spouse senior: true, income: 0.00" time="0.001">
                      
                    </testcase><testcase classname="gov.irs.twe.factDictionary.StandardDeductionSpec" name="Standard Deduction amounts marriedFilingJointly, claimed: false, blind: false, senior: true, spouse claimed: false, spouse blind: false, spouse senior: true, income: 900.00" time="0.001">
                      
                    </testcase><testcase classname="gov.irs.twe.factDictionary.StandardDeductionSpec" name="Standard Deduction amounts marriedFilingJointly, claimed: false, blind: false, senior: true, spouse claimed: false, spouse blind: false, spouse senior: true, income: 901.00" time="0.001">
                      
                    </testcase><testcase classname="gov.irs.twe.factDictionary.StandardDeductionSpec" name="Standard Deduction amounts marriedFilingJointly, claimed: false, blind: false, senior: true, spouse claimed: false, spouse blind: false, spouse senior: false, income: 0.00" time="0.0">
                      
                    </testcase><testcase classname="gov.irs.twe.factDictionary.StandardDeductionSpec" name="Standard Deduction amounts marriedFilingJointly, claimed: false, blind: false, senior: true, spouse claimed: false, spouse blind: false, spouse senior: false, income: 900.00" time="0.001">
                      
                    </testcase><testcase classname="gov.irs.twe.factDictionary.StandardDeductionSpec" name="Standard Deduction amounts marriedFilingJointly, claimed: false, blind: false, senior: true, spouse claimed: false, spouse blind: false, spouse senior: false, income: 901.00" time="0.001">
                      
                    </testcase><testcase classname="gov.irs.twe.factDictionary.StandardDeductionSpec" name="Standard Deduction amounts marriedFilingJointly, claimed: false, blind: false, senior: false, spouse claimed: true, spouse blind: true, spouse senior: true, income: 0.00" time="0.001">
                      
                    </testcase><testcase classname="gov.irs.twe.factDictionary.StandardDeductionSpec" name="Standard Deduction amounts marriedFilingJointly, claimed: false, blind: false, senior: false, spouse claimed: true, spouse blind: true, spouse senior: true, income: 900.00" time="0.001">
                      
                    </testcase><testcase classname="gov.irs.twe.factDictionary.StandardDeductionSpec" name="Standard Deduction amounts marriedFilingJointly, claimed: false, blind: false, senior: false, spouse claimed: true, spouse blind: true, spouse senior: true, income: 901.00" time="0.001">
                      
                    </testcase><testcase classname="gov.irs.twe.factDictionary.StandardDeductionSpec" name="Standard Deduction amounts marriedFilingJointly, claimed: false, blind: false, senior: false, spouse claimed: true, spouse blind: true, spouse senior: false, income: 0.00" time="0.001">
                      
                    </testcase><testcase classname="gov.irs.twe.factDictionary.StandardDeductionSpec" name="Standard Deduction amounts marriedFilingJointly, claimed: false, blind: false, senior: false, spouse claimed: true, spouse blind: true, spouse senior: false, income: 900.00" time="0.001">
                      
                    </testcase><testcase classname="gov.irs.twe.factDictionary.StandardDeductionSpec" name="Standard Deduction amounts marriedFilingJointly, claimed: false, blind: false, senior: false, spouse claimed: true, spouse blind: true, spouse senior: false, income: 901.00" time="0.001">
                      
                    </testcase><testcase classname="gov.irs.twe.factDictionary.StandardDeductionSpec" name="Standard Deduction amounts marriedFilingJointly, claimed: false, blind: false, senior: false, spouse claimed: true, spouse blind: false, spouse senior: true, income: 0.00" time="0.001">
                      
                    </testcase><testcase classname="gov.irs.twe.factDictionary.StandardDeductionSpec" name="Standard Deduction amounts marriedFilingJointly, claimed: false, blind: false, senior: false, spouse claimed: true, spouse blind: false, spouse senior: true, income: 900.00" time="0.001">
                      
                    </testcase><testcase classname="gov.irs.twe.factDictionary.StandardDeductionSpec" name="Standard Deduction amounts marriedFilingJointly, claimed: false, blind: false, senior: false, spouse claimed: true, spouse blind: false, spouse senior: true, income: 901.00" time="0.001">
                      
                    </testcase><testcase classname="gov.irs.twe.factDictionary.StandardDeductionSpec" name="Standard Deduction amounts marriedFilingJointly, claimed: false, blind: false, senior: false, spouse claimed: true, spouse blind: false, spouse senior: false, income: 0.00" time="0.001">
                      
                    </testcase><testcase classname="gov.irs.twe.factDictionary.StandardDeductionSpec" name="Standard Deduction amounts marriedFilingJointly, claimed: false, blind: false, senior: false, spouse claimed: true, spouse blind: false, spouse senior: false, income: 900.00" time="0.001">
                      
                    </testcase><testcase classname="gov.irs.twe.factDictionary.StandardDeductionSpec" name="Standard Deduction amounts marriedFilingJointly, claimed: false, blind: false, senior: false, spouse claimed: true, spouse blind: false, spouse senior: false, income: 901.00" time="0.003">
                      
                    </testcase><testcase classname="gov.irs.twe.factDictionary.StandardDeductionSpec" name="Standard Deduction amounts marriedFilingJointly, claimed: false, blind: false, senior: false, spouse claimed: false, spouse blind: true, spouse senior: true, income: 0.00" time="0.002">
                      
                    </testcase><testcase classname="gov.irs.twe.factDictionary.StandardDeductionSpec" name="Standard Deduction amounts marriedFilingJointly, claimed: false, blind: false, senior: false, spouse claimed: false, spouse blind: true, spouse senior: true, income: 900.00" time="0.002">
                      
                    </testcase><testcase classname="gov.irs.twe.factDictionary.StandardDeductionSpec" name="Standard Deduction amounts marriedFilingJointly, claimed: false, blind: false, senior: false, spouse claimed: false, spouse blind: true, spouse senior: true, income: 901.00" time="0.003">
                      
                    </testcase><testcase classname="gov.irs.twe.factDictionary.StandardDeductionSpec" name="Standard Deduction amounts marriedFilingJointly, claimed: false, blind: false, senior: false, spouse claimed: false, spouse blind: true, spouse senior: false, income: 0.00" time="0.005">
                      
                    </testcase><testcase classname="gov.irs.twe.factDictionary.StandardDeductionSpec" name="Standard Deduction amounts marriedFilingJointly, claimed: false, blind: false, senior: false, spouse claimed: false, spouse blind: true, spouse senior: false, income: 900.00" time="0.001">
                      
                    </testcase><testcase classname="gov.irs.twe.factDictionary.StandardDeductionSpec" name="Standard Deduction amounts marriedFilingJointly, claimed: false, blind: false, senior: false, spouse claimed: false, spouse blind: true, spouse senior: false, income: 901.00" time="0.007">
                      
                    </testcase><testcase classname="gov.irs.twe.factDictionary.StandardDeductionSpec" name="Standard Deduction amounts marriedFilingJointly, claimed: false, blind: false, senior: false, spouse claimed: false, spouse blind: false, spouse senior: true, income: 0.00" time="0.003">
                      
                    </testcase><testcase classname="gov.irs.twe.factDictionary.StandardDeductionSpec" name="Standard Deduction amounts marriedFilingJointly, claimed: false, blind: false, senior: false, spouse claimed: false, spouse blind: false, spouse senior: true, income: 900.00" time="0.003">
                      
                    </testcase><testcase classname="gov.irs.twe.factDictionary.StandardDeductionSpec" name="Standard Deduction amounts marriedFilingJointly, claimed: false, blind: false, senior: false, spouse claimed: false, spouse blind: false, spouse senior: true, income: 901.00" time="0.01">
                      
                    </testcase><testcase classname="gov.irs.twe.factDictionary.StandardDeductionSpec" name="Standard Deduction amounts marriedFilingJointly, claimed: false, blind: false, senior: false, spouse claimed: false, spouse blind: false, spouse senior: false, income: 0.00" time="0.001">
                      
                    </testcase><testcase classname="gov.irs.twe.factDictionary.StandardDeductionSpec" name="Standard Deduction amounts marriedFilingJointly, claimed: false, blind: false, senior: false, spouse claimed: false, spouse blind: false, spouse senior: false, income: 900.00" time="0.001">
                      
                    </testcase><testcase classname="gov.irs.twe.factDictionary.StandardDeductionSpec" name="Standard Deduction amounts marriedFilingJointly, claimed: false, blind: false, senior: false, spouse claimed: false, spouse blind: false, spouse senior: false, income: 901.00" time="0.004">
                      
                    </testcase>
          <system-out><![CDATA[]]></system-out>
          <system-err><![CDATA[]]></system-err>
        </testsuite>