<?xml version='1.0' encoding='UTF-8'?>
<testsuite hostname="Mac" name="gov.irs.twe.factDictionary.QBIDeductionSpec" tests="2" errors="0" failures="2" skipped="0" time="0.043" timestamp="2026-01-26T20:38:26">
          <properties>
[...]
</properties>
          <testcase classname="gov.irs.twe.factDictionary.QBIDeductionSpec" name="test OB3 70105: QBI eligibility and floor" time="0.033">
                      <failure message="TestFailedException was thrown during property evaluation. (QBIDeductionSpec.scala:35)
  Message: Some(100.00) did not contain 0.00
  Location: (QBIDeductionSpec.scala:34)
  Occurred at table row 0 (zero based, not counting headings), which had values (
    tentativeQualifiedBusinessIncomeDeduction = 100,
    qualifiedBusinessIncomeDeduction = 0
  )" type="org.scalatest.exceptions.TableDrivenPropertyCheckFailedException">org.scalatest.exceptions.TableDrivenPropertyCheckFailedException: TestFailedException was thrown during property evaluation. (QBIDeductionSpec.scala:35)
  Message: Some(100.00) did not contain 0.00
  Location: (QBIDeductionSpec.scala:34)
  Occurred at table row 0 (zero based, not counting headings), which had values (
    tentativeQualifiedBusinessIncomeDeduction = 100,
    qualifiedBusinessIncomeDeduction = 0
  )
	at org.scalatest.enablers.TableAsserting$$anon$25.indicateFailure(TableAsserting.scala:5397)
	at org.scalatest.enablers.TableAsserting$$anon$25.indicateFailure(TableAsserting.scala:5388)
	at org.scalatest.enablers.UnitTableAsserting$TableAssertingImpl.forAll$$anonfun$5(TableAsserting.scala:541)
	at scala.collection.IterableOnceOps.foreach(IterableOnce.scala:619)
	at scala.collection.IterableOnceOps.foreach$(IterableOnce.scala:617)
	at scala.collection.AbstractIterable.foreach(Iterable.scala:935)
	at scala.collection.IterableOps$WithFilter.foreach(Iterable.scala:905)
	at org.scalatest.enablers.UnitTableAsserting$TableAssertingImpl.forAll(TableAsserting.scala:544)
	at org.scalatest.prop.TableFor2.apply(TableFor1.scala:368)
	at org.scalatest.prop.TableDrivenPropertyChecks.forAll(TableDrivenPropertyChecks.scala:412)
	at org.scalatest.prop.TableDrivenPropertyChecks.forAll$(TableDrivenPropertyChecks.scala:296)
	at gov.irs.twe.factDictionary.QBIDeductionSpec.forAll(QBIDeductionSpec.scala:9)
	at gov.irs.twe.factDictionary.QBIDeductionSpec.testFun$proxy1$1(QBIDeductionSpec.scala:35)
	at gov.irs.twe.factDictionary.QBIDeductionSpec.$init$$$anonfun$1(QBIDeductionSpec.scala:17)
	at org.scalatest.Transformer.apply$$anonfun$1(Transformer.scala:22)
	at org.scalatest.OutcomeOf.outcomeOf(OutcomeOf.scala:85)
	at org.scalatest.OutcomeOf.outcomeOf$(OutcomeOf.scala:31)
	at org.scalatest.OutcomeOf$.outcomeOf(OutcomeOf.scala:104)
	at org.scalatest.Transformer.apply(Transformer.scala:22)
	at org.scalatest.Transformer.apply(Transformer.scala:21)
	at org.scalatest.funsuite.AnyFunSuiteLike$$anon$1.apply(AnyFunSuiteLike.scala:206)
	at org.scalatest.TestSuite.withFixture(TestSuite.scala:196)
	at org.scalatest.TestSuite.withFixture$(TestSuite.scala:138)
	at org.scalatest.funsuite.AnyFunSuite.withFixture(AnyFunSuite.scala:1563)
	at org.scalatest.funsuite.AnyFunSuiteLike.invokeWithFixture$1(AnyFunSuiteLike.scala:212)
	at org.scalatest.funsuite.AnyFunSuiteLike.runTest$$anonfun$1(AnyFunSuiteLike.scala:216)
	at org.scalatest.SuperEngine.runTestImpl(Engine.scala:306)
	at org.scalatest.funsuite.AnyFunSuiteLike.runTest(AnyFunSuiteLike.scala:216)
	at org.scalatest.funsuite.AnyFunSuiteLike.runTest$(AnyFunSuiteLike.scala:47)
	at org.scalatest.funsuite.AnyFunSuite.runTest(AnyFunSuite.scala:1563)
	at org.scalatest.funsuite.AnyFunSuiteLike.runTests$$anonfun$1(AnyFunSuiteLike.scala:249)
	at org.scalatest.SuperEngine.traverseSubNodes$1$$anonfun$1(Engine.scala:413)
	at scala.runtime.function.JProcedure1.apply(JProcedure1.java:15)
	at scala.runtime.function.JProcedure1.apply(JProcedure1.java:10)
	at scala.collection.immutable.List.foreach(List.scala:334)
	at org.scalatest.SuperEngine.traverseSubNodes$1(Engine.scala:429)
	at org.scalatest.SuperEngine.runTestsInBranch(Engine.scala:396)
	at org.scalatest.SuperEngine.runTestsImpl(Engine.scala:475)
	at org.scalatest.funsuite.AnyFunSuiteLike.runTests(AnyFunSuiteLike.scala:249)
	at org.scalatest.funsuite.AnyFunSuiteLike.runTests$(AnyFunSuiteLike.scala:47)
	at org.scalatest.funsuite.AnyFunSuite.runTests(AnyFunSuite.scala:1563)
	at org.scalatest.Suite.run(Suite.scala:1114)
	at org.scalatest.Suite.run$(Suite.scala:564)
	at org.scalatest.funsuite.AnyFunSuite.org$scalatest$funsuite$AnyFunSuiteLike$$super$run(AnyFunSuite.scala:1563)
	at org.scalatest.funsuite.AnyFunSuiteLike.run$$anonfun$1(AnyFunSuiteLike.scala:253)
	at org.scalatest.SuperEngine.runImpl(Engine.scala:535)
	at org.scalatest.funsuite.AnyFunSuiteLike.run(AnyFunSuiteLike.scala:253)
	at org.scalatest.funsuite.AnyFunSuiteLike.run$(AnyFunSuiteLike.scala:47)
	at org.scalatest.funsuite.AnyFunSuite.run(AnyFunSuite.scala:1563)
	at org.scalatest.tools.Framework.org$scalatest$tools$Framework$$runSuite(Framework.scala:321)
	at org.scalatest.tools.Framework$ScalaTestTask.execute(Framework.scala:517)
	at sbt.TestRunner.runTest$1(TestFramework.scala:153)
	at sbt.TestRunner.run(TestFramework.scala:168)
	at sbt.TestFramework$$anon$3$$anonfun$$lessinit$greater$1.$anonfun$apply$1(TestFramework.scala:336)
	at sbt.TestFramework$.sbt$TestFramework$$withContextLoader(TestFramework.scala:296)
	at sbt.TestFramework$$anon$3$$anonfun$$lessinit$greater$1.apply(TestFramework.scala:336)
	at sbt.TestFramework$$anon$3$$anonfun$$lessinit$greater$1.apply(TestFramework.scala:336)
	at sbt.TestFunction.apply(TestFramework.scala:348)
	at sbt.Tests$.$anonfun$toTask$1(Tests.scala:436)
	at sbt.std.Transform$$anon$3.$anonfun$apply$2(Transform.scala:47)
	at sbt.std.Transform$$anon$4.work(Transform.scala:69)
	at sbt.Execute.$anonfun$submit$2(Execute.scala:283)
	at sbt.internal.util.ErrorHandling$.wideConvert(ErrorHandling.scala:24)
	at sbt.Execute.work(Execute.scala:292)
	at sbt.Execute.$anonfun$submit$1(Execute.scala:283)
	at sbt.ConcurrentRestrictions$$anon$4.$anonfun$submitValid$1(ConcurrentRestrictions.scala:265)
	at sbt.CompletionService$$anon$2.call(CompletionService.scala:65)
	at java.base/java.util.concurrent.FutureTask.run(FutureTask.java:317)
	at java.base/java.util.concurrent.Executors$RunnableAdapter.call(Executors.java:572)
	at java.base/java.util.concurrent.FutureTask.run(FutureTask.java:317)
	at java.base/java.util.concurrent.ThreadPoolExecutor.runWorker(ThreadPoolExecutor.java:1144)
	at java.base/java.util.concurrent.ThreadPoolExecutor$Worker.run(ThreadPoolExecutor.java:642)
	at java.base/java.lang.Thread.run(Thread.java:1583)
Caused by: org.scalatest.exceptions.TestFailedException: Some(100.00) did not contain 0.00
	at org.scalatest.Assertions.newAssertionFailedException(Assertions.scala:476)
	at org.scalatest.Assertions.newAssertionFailedException$(Assertions.scala:421)
	at org.scalatest.Assertions$.newAssertionFailedException(Assertions.scala:1385)
	at org.scalatest.Assertions$AssertionsHelper.macroAssert(Assertions.scala:1460)
	at gov.irs.twe.factDictionary.QBIDeductionSpec.testFun$proxy1$1$$anonfun$1(QBIDeductionSpec.scala:34)
	at org.scalatest.enablers.UnitTableAsserting$TableAssertingImpl.forAll$$anonfun$5(TableAsserting.scala:506)
	... 70 more
</failure>
                    </testcase><testcase classname="gov.irs.twe.factDictionary.QBIDeductionSpec" name="test QBI derivation" time="0.01">
                      <failure message="TestFailedException was thrown during property evaluation. (QBIDeductionSpec.scala:127)
  Message: Some(400.00) did not contain 0.00
  Location: (QBIDeductionSpec.scala:126)
  Occurred at table row 4 (zero based, not counting headings), which had values (
    status = single,
    taxableIncomeForQBIDeduction = 100000,
    qualifiedBusinessIncome = 50000,
    netCapitalGains = 98000,
    expectedQBID = 0
  )" type="org.scalatest.exceptions.TableDrivenPropertyCheckFailedException">org.scalatest.exceptions.TableDrivenPropertyCheckFailedException: TestFailedException was thrown during property evaluation. (QBIDeductionSpec.scala:127)
  Message: Some(400.00) did not contain 0.00
  Location: (QBIDeductionSpec.scala:126)
  Occurred at table row 4 (zero based, not counting headings), which had values (
    status = single,
    taxableIncomeForQBIDeduction = 100000,
    qualifiedBusinessIncome = 50000,
    netCapitalGains = 98000,
    expectedQBID = 0
  )
	at org.scalatest.enablers.TableAsserting$$anon$25.indicateFailure(TableAsserting.scala:5397)
	at org.scalatest.enablers.TableAsserting$$anon$25.indicateFailure(TableAsserting.scala:5388)
	at org.scalatest.enablers.UnitTableAsserting$TableAssertingImpl.forAll$$anonfun$14(TableAsserting.scala:697)
	at scala.collection.IterableOnceOps.foreach(IterableOnce.scala:619)
	at scala.collection.IterableOnceOps.foreach$(IterableOnce.scala:617)
	at scala.collection.AbstractIterable.foreach(Iterable.scala:935)
	at scala.collection.IterableOps$WithFilter.foreach(Iterable.scala:905)
	at org.scalatest.enablers.UnitTableAsserting$TableAssertingImpl.forAll(TableAsserting.scala:700)
	at org.scalatest.prop.TableFor5.apply(TableFor1.scala:902)
	at org.scalatest.prop.TableDrivenPropertyChecks.forAll(TableDrivenPropertyChecks.scala:445)
	at org.scalatest.prop.TableDrivenPropertyChecks.forAll$(TableDrivenPropertyChecks.scala:296)
	at gov.irs.twe.factDictionary.QBIDeductionSpec.forAll(QBIDeductionSpec.scala:9)
	at gov.irs.twe.factDictionary.QBIDeductionSpec.testFun$proxy2$1(QBIDeductionSpec.scala:127)
	at gov.irs.twe.factDictionary.QBIDeductionSpec.$init$$$anonfun$2(QBIDeductionSpec.scala:37)
	at org.scalatest.Transformer.apply$$anonfun$1(Transformer.scala:22)
	at org.scalatest.OutcomeOf.outcomeOf(OutcomeOf.scala:85)
	at org.scalatest.OutcomeOf.outcomeOf$(OutcomeOf.scala:31)
	at org.scalatest.OutcomeOf$.outcomeOf(OutcomeOf.scala:104)
	at org.scalatest.Transformer.apply(Transformer.scala:22)
	at org.scalatest.Transformer.apply(Transformer.scala:21)
	at org.scalatest.funsuite.AnyFunSuiteLike$$anon$1.apply(AnyFunSuiteLike.scala:206)
	at org.scalatest.TestSuite.withFixture(TestSuite.scala:196)
	at org.scalatest.TestSuite.withFixture$(TestSuite.scala:138)
	at org.scalatest.funsuite.AnyFunSuite.withFixture(AnyFunSuite.scala:1563)
	at org.scalatest.funsuite.AnyFunSuiteLike.invokeWithFixture$1(AnyFunSuiteLike.scala:212)
	at org.scalatest.funsuite.AnyFunSuiteLike.runTest$$anonfun$1(AnyFunSuiteLike.scala:216)
	at org.scalatest.SuperEngine.runTestImpl(Engine.scala:306)
	at org.scalatest.funsuite.AnyFunSuiteLike.runTest(AnyFunSuiteLike.scala:216)
	at org.scalatest.funsuite.AnyFunSuiteLike.runTest$(AnyFunSuiteLike.scala:47)
	at org.scalatest.funsuite.AnyFunSuite.runTest(AnyFunSuite.scala:1563)
	at org.scalatest.funsuite.AnyFunSuiteLike.runTests$$anonfun$1(AnyFunSuiteLike.scala:249)
	at org.scalatest.SuperEngine.traverseSubNodes$1$$anonfun$1(Engine.scala:413)
	at scala.runtime.function.JProcedure1.apply(JProcedure1.java:15)
	at scala.runtime.function.JProcedure1.apply(JProcedure1.java:10)
	at scala.collection.immutable.List.foreach(List.scala:334)
	at org.scalatest.SuperEngine.traverseSubNodes$1(Engine.scala:429)
	at org.scalatest.SuperEngine.runTestsInBranch(Engine.scala:396)
	at org.scalatest.SuperEngine.runTestsImpl(Engine.scala:475)
	at org.scalatest.funsuite.AnyFunSuiteLike.runTests(AnyFunSuiteLike.scala:249)
	at org.scalatest.funsuite.AnyFunSuiteLike.runTests$(AnyFunSuiteLike.scala:47)
	at org.scalatest.funsuite.AnyFunSuite.runTests(AnyFunSuite.scala:1563)
	at org.scalatest.Suite.run(Suite.scala:1114)
	at org.scalatest.Suite.run$(Suite.scala:564)
	at org.scalatest.funsuite.AnyFunSuite.org$scalatest$funsuite$AnyFunSuiteLike$$super$run(AnyFunSuite.scala:1563)
	at org.scalatest.funsuite.AnyFunSuiteLike.run$$anonfun$1(AnyFunSuiteLike.scala:253)
	at org.scalatest.SuperEngine.runImpl(Engine.scala:535)
	at org.scalatest.funsuite.AnyFunSuiteLike.run(AnyFunSuiteLike.scala:253)
	at org.scalatest.funsuite.AnyFunSuiteLike.run$(AnyFunSuiteLike.scala:47)
	at org.scalatest.funsuite.AnyFunSuite.run(AnyFunSuite.scala:1563)
	at org.scalatest.tools.Framework.org$scalatest$tools$Framework$$runSuite(Framework.scala:321)
	at org.scalatest.tools.Framework$ScalaTestTask.execute(Framework.scala:517)
	at sbt.TestRunner.runTest$1(TestFramework.scala:153)
	at sbt.TestRunner.run(TestFramework.scala:168)
	at sbt.TestFramework$$anon$3$$anonfun$$lessinit$greater$1.$anonfun$apply$1(TestFramework.scala:336)
	at sbt.TestFramework$.sbt$TestFramework$$withContextLoader(TestFramework.scala:296)
	at sbt.TestFramework$$anon$3$$anonfun$$lessinit$greater$1.apply(TestFramework.scala:336)
	at sbt.TestFramework$$anon$3$$anonfun$$lessinit$greater$1.apply(TestFramework.scala:336)
	at sbt.TestFunction.apply(TestFramework.scala:348)
	at sbt.Tests$.$anonfun$toTask$1(Tests.scala:436)
	at sbt.std.Transform$$anon$3.$anonfun$apply$2(Transform.scala:47)
	at sbt.std.Transform$$anon$4.work(Transform.scala:69)
	at sbt.Execute.$anonfun$submit$2(Execute.scala:283)
	at sbt.internal.util.ErrorHandling$.wideConvert(ErrorHandling.scala:24)
	at sbt.Execute.work(Execute.scala:292)
	at sbt.Execute.$anonfun$submit$1(Execute.scala:283)
	at sbt.ConcurrentRestrictions$$anon$4.$anonfun$submitValid$1(ConcurrentRestrictions.scala:265)
	at sbt.CompletionService$$anon$2.call(CompletionService.scala:65)
	at java.base/java.util.concurrent.FutureTask.run(FutureTask.java:317)
	at java.base/java.util.concurrent.Executors$RunnableAdapter.call(Executors.java:572)
	at java.base/java.util.concurrent.FutureTask.run(FutureTask.java:317)
	at java.base/java.util.concurrent.ThreadPoolExecutor.runWorker(ThreadPoolExecutor.java:1144)
	at java.base/java.util.concurrent.ThreadPoolExecutor$Worker.run(ThreadPoolExecutor.java:642)
	at java.base/java.lang.Thread.run(Thread.java:1583)
Caused by: org.scalatest.exceptions.TestFailedException: Some(400.00) did not contain 0.00
	at org.scalatest.Assertions.newAssertionFailedException(Assertions.scala:476)
	at org.scalatest.Assertions.newAssertionFailedException$(Assertions.scala:421)
	at org.scalatest.Assertions$.newAssertionFailedException(Assertions.scala:1385)
	at org.scalatest.Assertions$AssertionsHelper.macroAssert(Assertions.scala:1460)
	at gov.irs.twe.factDictionary.QBIDeductionSpec.testFun$proxy2$1$$anonfun$1(QBIDeductionSpec.scala:126)
	at org.scalatest.enablers.UnitTableAsserting$TableAssertingImpl.forAll$$anonfun$14(TableAsserting.scala:659)
	... 70 more
</failure>
                    </testcase>
          <system-out><![CDATA[]]></system-out>
          <system-err><![CDATA[]]></system-err>
        </testsuite>