<?xml version='1.0' encoding='UTF-8'?>
<testsuite hostname="Mac" name="gov.irs.twe.factDictionary.QualifiedDividendsSpec" tests="1" errors="0" failures="1" skipped="0" time="0.03" timestamp="2025-12-12T10:14:43">
          <properties>
[...]
</properties>
          <testcase classname="gov.irs.twe.factDictionary.QualifiedDividendsSpec" name="Qualified Dividends calculates appropriate tax withholding for single, mfj, and hoh filers" time="0.03">
                      <failure message="UnsupportedOperationException was thrown during property evaluation. (QualifiedDividendsSpec.scala:120)
  Message: path '/tentativeTaxWithNetCapitalGains' was not found
  Occurred at table row 0 (zero based, not counting headings), which had values (
    status = single,
    taxableIncome = 40000,
    qualDiv = 4000,
    ltCapitalGains = 1000,
    amtAt0 = 5000,
    totalAt15 = 0,
    totalAt20 = 0,
    totalTax = 0
  )" type="org.scalatest.exceptions.TableDrivenPropertyCheckFailedException">org.scalatest.exceptions.TableDrivenPropertyCheckFailedException: UnsupportedOperationException was thrown during property evaluation. (QualifiedDividendsSpec.scala:120)
  Message: path '/tentativeTaxWithNetCapitalGains' was not found
  Occurred at table row 0 (zero based, not counting headings), which had values (
    status = single,
    taxableIncome = 40000,
    qualDiv = 4000,
    ltCapitalGains = 1000,
    amtAt0 = 5000,
    totalAt15 = 0,
    totalAt20 = 0,
    totalTax = 0
  )
	at org.scalatest.enablers.TableAsserting$$anon$25.indicateFailure(TableAsserting.scala:5397)
	at org.scalatest.enablers.TableAsserting$$anon$25.indicateFailure(TableAsserting.scala:5388)
	at org.scalatest.enablers.UnitTableAsserting$TableAssertingImpl.forAll$$anonfun$23(TableAsserting.scala:862)
	at scala.collection.IterableOnceOps.foreach(IterableOnce.scala:619)
	at scala.collection.IterableOnceOps.foreach$(IterableOnce.scala:617)
	at scala.collection.AbstractIterable.foreach(Iterable.scala:935)
	at scala.collection.IterableOps$WithFilter.foreach(Iterable.scala:905)
	at org.scalatest.enablers.UnitTableAsserting$TableAssertingImpl.forAll(TableAsserting.scala:865)
	at org.scalatest.prop.TableFor8.apply(TableFor1.scala:1436)
	at org.scalatest.prop.TableDrivenPropertyChecks.forAll(TableDrivenPropertyChecks.scala:478)
	at org.scalatest.prop.TableDrivenPropertyChecks.forAll$(TableDrivenPropertyChecks.scala:296)
	at gov.irs.twe.factDictionary.QualifiedDividendsSpec.forAll(QualifiedDividendsSpec.scala:9)
	at gov.irs.twe.factDictionary.QualifiedDividendsSpec.testFun$proxy1$1(QualifiedDividendsSpec.scala:120)
	at gov.irs.twe.factDictionary.QualifiedDividendsSpec.$init$$$anonfun$1(QualifiedDividendsSpec.scala:99)
	at org.scalatest.Transformer.apply$$anonfun$1(Transformer.scala:22)
	at org.scalatest.OutcomeOf.outcomeOf(OutcomeOf.scala:85)
	at org.scalatest.OutcomeOf.outcomeOf$(OutcomeOf.scala:31)
	at org.scalatest.OutcomeOf$.outcomeOf(OutcomeOf.scala:104)
	at org.scalatest.Transformer.apply(Transformer.scala:22)
	at org.scalatest.Transformer.apply(Transformer.scala:21)
	at org.scalatest.funsuite.AnyFunSuiteLike$$anon$1.apply(AnyFunSuiteLike.scala:206)
	at org.scalatest.TestSuite.withFixture(TestSuite.scala:196)
	at org.scalatest.TestSuite.withFixture$(TestSuite.scala:138)
	at org.scalatest.funsuite.AnyFunSuite.withFixture(AnyFunSuite.scala:1563)
	at org.scalatest.funsuite.AnyFunSuiteLike.invokeWithFixture$1(AnyFunSuiteLike.scala:212)
	at org.scalatest.funsuite.AnyFunSuiteLike.runTest$$anonfun$1(AnyFunSuiteLike.scala:216)
	at org.scalatest.SuperEngine.runTestImpl(Engine.scala:306)
	at org.scalatest.funsuite.AnyFunSuiteLike.runTest(AnyFunSuiteLike.scala:216)
	at org.scalatest.funsuite.AnyFunSuiteLike.runTest$(AnyFunSuiteLike.scala:47)
	at org.scalatest.funsuite.AnyFunSuite.runTest(AnyFunSuite.scala:1563)
	at org.scalatest.funsuite.AnyFunSuiteLike.runTests$$anonfun$1(AnyFunSuiteLike.scala:249)
	at org.scalatest.SuperEngine.traverseSubNodes$1$$anonfun$1(Engine.scala:413)
	at scala.runtime.function.JProcedure1.apply(JProcedure1.java:15)
	at scala.runtime.function.JProcedure1.apply(JProcedure1.java:10)
	at scala.collection.immutable.List.foreach(List.scala:334)
	at org.scalatest.SuperEngine.traverseSubNodes$1(Engine.scala:429)
	at org.scalatest.SuperEngine.runTestsInBranch(Engine.scala:396)
	at org.scalatest.SuperEngine.runTestsImpl(Engine.scala:475)
	at org.scalatest.funsuite.AnyFunSuiteLike.runTests(AnyFunSuiteLike.scala:249)
	at org.scalatest.funsuite.AnyFunSuiteLike.runTests$(AnyFunSuiteLike.scala:47)
	at org.scalatest.funsuite.AnyFunSuite.runTests(AnyFunSuite.scala:1563)
	at org.scalatest.Suite.run(Suite.scala:1114)
	at org.scalatest.Suite.run$(Suite.scala:564)
	at org.scalatest.funsuite.AnyFunSuite.org$scalatest$funsuite$AnyFunSuiteLike$$super$run(AnyFunSuite.scala:1563)
	at org.scalatest.funsuite.AnyFunSuiteLike.run$$anonfun$1(AnyFunSuiteLike.scala:253)
	at org.scalatest.SuperEngine.runImpl(Engine.scala:535)
	at org.scalatest.funsuite.AnyFunSuiteLike.run(AnyFunSuiteLike.scala:253)
	at org.scalatest.funsuite.AnyFunSuiteLike.run$(AnyFunSuiteLike.scala:47)
	at org.scalatest.funsuite.AnyFunSuite.run(AnyFunSuite.scala:1563)
	at org.scalatest.tools.Framework.org$scalatest$tools$Framework$$runSuite(Framework.scala:321)
	at org.scalatest.tools.Framework$ScalaTestTask.execute(Framework.scala:517)
	at sbt.TestRunner.runTest$1(TestFramework.scala:153)
	at sbt.TestRunner.run(TestFramework.scala:168)
	at sbt.TestFramework$$anon$3$$anonfun$$lessinit$greater$1.$anonfun$apply$1(TestFramework.scala:336)
	at sbt.TestFramework$.sbt$TestFramework$$withContextLoader(TestFramework.scala:296)
	at sbt.TestFramework$$anon$3$$anonfun$$lessinit$greater$1.apply(TestFramework.scala:336)
	at sbt.TestFramework$$anon$3$$anonfun$$lessinit$greater$1.apply(TestFramework.scala:336)
	at sbt.TestFunction.apply(TestFramework.scala:348)
	at sbt.Tests$.$anonfun$toTask$1(Tests.scala:436)
	at sbt.std.Transform$$anon$3.$anonfun$apply$2(Transform.scala:47)
	at sbt.std.Transform$$anon$4.work(Transform.scala:69)
	at sbt.Execute.$anonfun$submit$2(Execute.scala:283)
	at sbt.internal.util.ErrorHandling$.wideConvert(ErrorHandling.scala:24)
	at sbt.Execute.work(Execute.scala:292)
	at sbt.Execute.$anonfun$submit$1(Execute.scala:283)
	at sbt.ConcurrentRestrictions$$anon$4.$anonfun$submitValid$1(ConcurrentRestrictions.scala:265)
	at sbt.CompletionService$$anon$2.call(CompletionService.scala:65)
	at java.base/java.util.concurrent.FutureTask.run(FutureTask.java:317)
	at java.base/java.util.concurrent.Executors$RunnableAdapter.call(Executors.java:572)
	at java.base/java.util.concurrent.FutureTask.run(FutureTask.java:317)
	at java.base/java.util.concurrent.ThreadPoolExecutor.runWorker(ThreadPoolExecutor.java:1144)
	at java.base/java.util.concurrent.ThreadPoolExecutor$Worker.run(ThreadPoolExecutor.java:642)
	at java.base/java.lang.Thread.run(Thread.java:1583)
Caused by: java.lang.UnsupportedOperationException: path '/tentativeTaxWithNetCapitalGains' was not found
	at gov.irs.factgraph.Graph.getVect$$anonfun$1(Graph.scala:58)
	at gov.irs.factgraph.monads.MaybeVector.flatMap(MaybeVector.scala:32)
	at gov.irs.factgraph.Graph.getVect(Graph.scala:51)
	at gov.irs.factgraph.Graph.get(Graph.scala:39)
	at gov.irs.twe.factDictionary.QualifiedDividendsSpec.testFun$proxy1$1$$anonfun$1(QualifiedDividendsSpec.scala:111)
	at org.scalatest.enablers.UnitTableAsserting$TableAssertingImpl.forAll$$anonfun$23(TableAsserting.scala:821)
	... 70 more
</failure>
                    </testcase>
          <system-out><![CDATA[]]></system-out>
          <system-err><![CDATA[]]></system-err>
        </testsuite>